[2025-09-22 13:17:13] This is codeql database create .db-codeql --language=javascript --build-mode=none --threads=16
[2025-09-22 13:17:13] Log file was started late.
[2025-09-22 13:17:13] [PROGRESS] database create> Initializing database at /Users/yevhen.fabizhevskyi/Source/personal/forks/node-tar/src/.db-codeql.
[2025-09-22 13:17:13] Running plumbing command: codeql database init --language=javascript --extractor-options-verbosity=1 --qlconfig-file=/Users/yevhen.fabizhevskyi/Source/personal/forks/node-tar/src/qlconfig.yml --build-mode=none --source-root=/Users/yevhen.fabizhevskyi/Source/personal/forks/node-tar/src --allow-missing-source-root=false --allow-already-existing -- /Users/yevhen.fabizhevskyi/Source/personal/forks/node-tar/src/.db-codeql
[2025-09-22 13:17:13] Calling plumbing command: codeql resolve languages --extractor-options-verbosity=1 --format=betterjson
[2025-09-22 13:17:13] [DETAILS] resolve languages> Scanning for [codeql-extractor.yml] from /Users/yevhen.fabizhevskyi/.local/bin/codeql/.codeqlmanifest.json
[2025-09-22 13:17:13] [DETAILS] resolve languages> Parsing /Users/yevhen.fabizhevskyi/.local/bin/codeql/go/codeql-extractor.yml.
[2025-09-22 13:17:13] [DETAILS] resolve languages> Parsing /Users/yevhen.fabizhevskyi/.local/bin/codeql/python/codeql-extractor.yml.
[2025-09-22 13:17:13] [DETAILS] resolve languages> Parsing /Users/yevhen.fabizhevskyi/.local/bin/codeql/rust/codeql-extractor.yml.
[2025-09-22 13:17:13] [DETAILS] resolve languages> Parsing /Users/yevhen.fabizhevskyi/.local/bin/codeql/java/codeql-extractor.yml.
[2025-09-22 13:17:13] [DETAILS] resolve languages> Parsing /Users/yevhen.fabizhevskyi/.local/bin/codeql/html/codeql-extractor.yml.
[2025-09-22 13:17:13] [DETAILS] resolve languages> Parsing /Users/yevhen.fabizhevskyi/.local/bin/codeql/xml/codeql-extractor.yml.
[2025-09-22 13:17:13] [DETAILS] resolve languages> Parsing /Users/yevhen.fabizhevskyi/.local/bin/codeql/properties/codeql-extractor.yml.
[2025-09-22 13:17:13] [DETAILS] resolve languages> Parsing /Users/yevhen.fabizhevskyi/.local/bin/codeql/cpp/codeql-extractor.yml.
[2025-09-22 13:17:13] [DETAILS] resolve languages> Parsing /Users/yevhen.fabizhevskyi/.local/bin/codeql/swift/codeql-extractor.yml.
[2025-09-22 13:17:13] [DETAILS] resolve languages> Parsing /Users/yevhen.fabizhevskyi/.local/bin/codeql/csv/codeql-extractor.yml.
[2025-09-22 13:17:13] [DETAILS] resolve languages> Parsing /Users/yevhen.fabizhevskyi/.local/bin/codeql/actions/codeql-extractor.yml.
[2025-09-22 13:17:13] [DETAILS] resolve languages> Parsing /Users/yevhen.fabizhevskyi/.local/bin/codeql/yaml/codeql-extractor.yml.
[2025-09-22 13:17:13] [DETAILS] resolve languages> Parsing /Users/yevhen.fabizhevskyi/.local/bin/codeql/csharp/codeql-extractor.yml.
[2025-09-22 13:17:13] [DETAILS] resolve languages> Parsing /Users/yevhen.fabizhevskyi/.local/bin/codeql/javascript/codeql-extractor.yml.
[2025-09-22 13:17:13] [DETAILS] resolve languages> Parsing /Users/yevhen.fabizhevskyi/.local/bin/codeql/ruby/codeql-extractor.yml.
[2025-09-22 13:17:13] Plumbing command codeql resolve languages completed:
                      {
                        "aliases" : {
                          "c" : "cpp",
                          "c++" : "cpp",
                          "c-c++" : "cpp",
                          "c-cpp" : "cpp",
                          "c#" : "csharp",
                          "java-kotlin" : "java",
                          "kotlin" : "java",
                          "javascript-typescript" : "javascript",
                          "typescript" : "javascript"
                        },
                        "extractors" : {
                          "go" : [
                            {
                              "extractor_root" : "/Users/yevhen.fabizhevskyi/.local/bin/codeql/go",
                              "extractor_options" : {
                                "extract_tests" : {
                                  "title" : "Whether to include Go test files in the CodeQL database.",
                                  "description" : "A value indicating whether Go test files should be included in the CodeQL database. The default is 'false'.\n",
                                  "type" : "string",
                                  "pattern" : "^(false|true)$"
                                },
                                "extract_vendor_dirs" : {
                                  "title" : "Whether to include Go vendor directories in the CodeQL database.",
                                  "description" : "A value indicating whether Go vendor directories should be included in the CodeQL database. The default is 'false'.\n",
                                  "type" : "string",
                                  "pattern" : "^(false|true)$"
                                }
                              }
                            }
                          ],
                          "python" : [
                            {
                              "extractor_root" : "/Users/yevhen.fabizhevskyi/.local/bin/codeql/python",
                              "extractor_options" : {
                                "logging" : {
                                  "title" : "Options pertaining to logging.",
                                  "description" : "Options pertaining to logging.",
                                  "type" : "object",
                                  "properties" : {
                                    "verbosity" : {
                                      "title" : "Python extractor logging verbosity level.",
                                      "description" : "Controls the level of verbosity of the CodeQL Python extractor.\nThe supported levels are (in order of increasing verbosity):\n\n  - off\n  - errors\n  - warnings\n  - info or progress\n  - debug or progress+\n  - trace or progress++\n  - progress+++\n",
                                      "type" : "string",
                                      "pattern" : "^(off|errors|warnings|(info|progress)|(debug|progress\\+)|(trace|progress\\+\\+)|progress\\+\\+\\+)$"
                                    }
                                  }
                                },
                                "python_executable_name" : {
                                  "title" : "Controls the name of the Python executable used by the Python extractor.",
                                  "description" : "The Python extractor uses platform-dependent heuristics to determine the name of the Python executable to use. Specifying a value for this option overrides the name of the Python executable used by the extractor. Accepted values are py, python and python3. Use this setting with caution, the Python extractor requires Python 3 to run.\n",
                                  "type" : "string",
                                  "pattern" : "^(py|python|python3)$"
                                }
                              }
                            }
                          ],
                          "rust" : [
                            {
                              "extractor_root" : "/Users/yevhen.fabizhevskyi/.local/bin/codeql/rust",
                              "extractor_options" : {
                                "trap" : {
                                  "title" : "Options pertaining to TRAP.",
                                  "description" : "Options pertaining to TRAP.",
                                  "type" : "object",
                                  "properties" : {
                                    "compression" : {
                                      "title" : "Controls compression for the TRAP files written by the extractor.",
                                      "description" : "This option is only intended for use in debugging the extractor. Accepted values are 'gzip' (to write gzip-compressed TRAP) 'zstd' (to write Zstandard-compressed TRAP) and 'none' (the default, to write uncompressed TRAP).\n",
                                      "type" : "string",
                                      "pattern" : "^(none|gzip|zstd)$"
                                    }
                                  }
                                },
                                "cargo_target_dir" : {
                                  "title" : "Directory to use for cargo output files.",
                                  "description" : "This value is an optional path to use as `CARGO_TARGET_DIR` for the internal cargo commands the extractor uses. Pointing it to a persistent directory may reduce execution time of consecutive extractor runs. By default, a new scratch directory is used for each run.\n",
                                  "type" : "string"
                                },
                                "cargo_target" : {
                                  "title" : "Target architecture",
                                  "description" : "Target architecture to use for analysis, analogous to `cargo --target`. By default the host architecture is used.\n",
                                  "type" : "string"
                                },
                                "cargo_features" : {
                                  "title" : "Cargo features to turn on",
                                  "description" : "Comma-separated list of features to turn on. By default all features are enabled. If any features are specified, then only those features are enabled. The `default` feature must be explicitly specified if only default features are desired. Can be repeated.\n",
                                  "type" : "array"
                                },
                                "cargo_cfg_overrides" : {
                                  "title" : "Cargo cfg overrides",
                                  "description" : "Comma-separated list of cfg settings to enable, or disable if prefixed with `-`. Can be repeated.\n",
                                  "type" : "array"
                                },
                                "logging" : {
                                  "title" : "Options pertaining to logging.",
                                  "description" : "Options pertaining to logging.",
                                  "type" : "object",
                                  "properties" : {
                                    "verbosity" : {
                                      "title" : "Extractor logging verbosity level.",
                                      "description" : "Controls the level of verbosity of the extractor. The supported levels are (in order of increasing verbosity):\n  - off\n  - errors\n  - warnings\n  - info or progress\n  - debug or progress+\n  - trace or progress++\n  - progress+++\n",
                                      "type" : "string",
                                      "pattern" : "^(off|errors|warnings|(info|progress)|(debug|progress\\+)|(trace|progress\\+\\+)|progress\\+\\+\\+)$"
                                    },
                                    "flamegraph" : {
                                      "title" : "[Experimental] File path for write flame graph log",
                                      "description" : "Collect flame graph data using the `tracing-flame` crate. To render a flame graph or chart, run the `inferno-flamegraph` command. See also: https://crates.io/crates/tracing-flame\n",
                                      "type" : "string"
                                    }
                                  }
                                },
                                "extract_dependencies_as_source" : {
                                  "title" : "Extract dependencies as source code",
                                  "description" : "Extract the full source code of dependencies instead of only extracting signatures.\n",
                                  "type" : "string",
                                  "pattern" : "^(false|true)$"
                                }
                              }
                            }
                          ],
                          "java" : [
                            {
                              "extractor_root" : "/Users/yevhen.fabizhevskyi/.local/bin/codeql/java",
                              "extractor_options" : {
                                "exclude" : {
                                  "title" : "A glob excluding files from analysis.",
                                  "description" : "A glob indicating what files to exclude from the analysis. This accepts glob patterns that are supported by Java's 'getPathMatcher' implementation.\n",
                                  "type" : "string"
                                },
                                "add_prefer_source" : {
                                  "title" : "Whether to always prefer source files over class files.",
                                  "description" : "A value indicating whether source files should be preferred over class files. If set to 'true', the extraction adds '-Xprefer:source' to the javac command line. If set to 'false', the extraction uses the default javac behavior ('-Xprefer:newer'). The default is 'true'.\n",
                                  "type" : "string",
                                  "pattern" : "^(false|true)$"
                                },
                                "buildless" : {
                                  "title" : "Whether to use buildless (standalone) extraction (experimental).",
                                  "description" : "A value indicating, which type of extraction the autobuilder should perform. If 'true', then the standalone extractor will be used, otherwise tracing extraction will be performed. The default is 'false'. Note that buildless extraction will generally yield less accurate analysis results, and should only be used in cases where it is not possible to build the code (for example if it uses inaccessible dependencies).\n",
                                  "type" : "string",
                                  "pattern" : "^(false|true)$"
                                },
                                "buildless_dependency_dir" : {
                                  "title" : "The path where buildless (standalone) extraction should keep dependencies.",
                                  "description" : "If set, the buildless (standalone) extractor will store dependencies in this directory.\n",
                                  "type" : "string"
                                },
                                "minimize_dependency_jars" : {
                                  "title" : "Whether to rewrite and minimize downloaded JAR dependencies (experimental).",
                                  "description" : "If 'true', JAR dependencies downloaded during extraction will be rewritten to remove unneeded data, such as method bodies. The default is 'false'.\n",
                                  "type" : "string",
                                  "pattern" : "^(false|true)$"
                                }
                              }
                            }
                          ],
                          "html" : [
                            {
                              "extractor_root" : "/Users/yevhen.fabizhevskyi/.local/bin/codeql/html"
                            }
                          ],
                          "xml" : [
                            {
                              "extractor_root" : "/Users/yevhen.fabizhevskyi/.local/bin/codeql/xml"
                            }
                          ],
                          "properties" : [
                            {
                              "extractor_root" : "/Users/yevhen.fabizhevskyi/.local/bin/codeql/properties"
                            }
                          ],
                          "cpp" : [
                            {
                              "extractor_root" : "/Users/yevhen.fabizhevskyi/.local/bin/codeql/cpp",
                              "extractor_options" : {
                                "scale_timeouts" : {
                                  "title" : "Value to scale compiler introspection timeouts with",
                                  "description" : "The extractor attempts to determine what compiler the source code being extracted is compiled with. To this end the extractor makes additional calls to the compiler, some of which are expected to return within a certain fixed time (either 10s or 15s). On some systems that are under high load this time might be too short, and can be scaled up using this option.\n",
                                  "type" : "string",
                                  "pattern" : "[0-9]+"
                                },
                                "log_verbosity" : {
                                  "title" : "Verbosity of the extractor logging",
                                  "description" : "Set the verbosity of the extractor logging to 'quiet' (0), 'normal' (1), 'chatty' (2), or 'noisy' (3). The default is 'normal'.\n",
                                  "type" : "string",
                                  "pattern" : "[0-3]"
                                }
                              }
                            }
                          ],
                          "swift" : [
                            {
                              "extractor_root" : "/Users/yevhen.fabizhevskyi/.local/bin/codeql/swift"
                            }
                          ],
                          "csv" : [
                            {
                              "extractor_root" : "/Users/yevhen.fabizhevskyi/.local/bin/codeql/csv"
                            }
                          ],
                          "actions" : [
                            {
                              "extractor_root" : "/Users/yevhen.fabizhevskyi/.local/bin/codeql/actions",
                              "extractor_options" : { }
                            }
                          ],
                          "yaml" : [
                            {
                              "extractor_root" : "/Users/yevhen.fabizhevskyi/.local/bin/codeql/yaml"
                            }
                          ],
                          "csharp" : [
                            {
                              "extractor_root" : "/Users/yevhen.fabizhevskyi/.local/bin/codeql/csharp",
                              "extractor_options" : {
                                "trap" : {
                                  "title" : "Options pertaining to TRAP.",
                                  "description" : "Options pertaining to TRAP.",
                                  "type" : "object",
                                  "properties" : {
                                    "compression" : {
                                      "title" : "Controls compression for the TRAP files written by the extractor.",
                                      "description" : "This option is only intended for use in debugging the extractor. Accepted values are 'brotli' (the default, to write brotli-compressed TRAP), 'gzip', and 'none' (to write uncompressed TRAP).\n",
                                      "type" : "string",
                                      "pattern" : "^(none|gzip|brotli)$"
                                    }
                                  }
                                },
                                "buildless" : {
                                  "title" : "DEPRECATED - Whether to use buildless (standalone) extraction.",
                                  "description" : "DEPRECATED: Use `--build-mode none` instead.\nA value indicating, which type of extraction the autobuilder should perform. If 'true', then the standalone extractor will be used, otherwise tracing extraction will be performed. The default is 'false'. Note that buildless extraction will generally yield less accurate analysis results, and should only be used in cases where it is not possible to build the code (for example if it uses inaccessible dependencies).\n",
                                  "type" : "string",
                                  "pattern" : "^(false|true)$"
                                },
                                "logging" : {
                                  "title" : "Options pertaining to logging.",
                                  "description" : "Options pertaining to logging.",
                                  "type" : "object",
                                  "properties" : {
                                    "verbosity" : {
                                      "title" : "Extractor logging verbosity level.",
                                      "description" : "Controls the level of verbosity of the extractor. The supported levels are (in order of increasing verbosity):\n  - off\n  - errors\n  - warnings\n  - info or progress\n  - debug or progress+\n  - trace or progress++\n  - progress+++\n",
                                      "type" : "string",
                                      "pattern" : "^(off|errors|warnings|(info|progress)|(debug|progress\\+)|(trace|progress\\+\\+)|progress\\+\\+\\+)$"
                                    }
                                  }
                                },
                                "binlog" : {
                                  "title" : "Binlog",
                                  "description" : "[EXPERIMENTAL] The value is a path to the MsBuild binary log file that should be extracted. This option only works when `--build-mode none` is also specified.\n",
                                  "type" : "array"
                                }
                              }
                            }
                          ],
                          "javascript" : [
                            {
                              "extractor_root" : "/Users/yevhen.fabizhevskyi/.local/bin/codeql/javascript",
                              "extractor_options" : {
                                "skip_types" : {
                                  "title" : "Skip type extraction for TypeScript",
                                  "description" : "Whether to skip the extraction of types in a TypeScript application",
                                  "type" : "string",
                                  "pattern" : "^(false|true)$"
                                }
                              }
                            }
                          ],
                          "ruby" : [
                            {
                              "extractor_root" : "/Users/yevhen.fabizhevskyi/.local/bin/codeql/ruby",
                              "extractor_options" : {
                                "trap" : {
                                  "title" : "Options pertaining to TRAP.",
                                  "description" : "Options pertaining to TRAP.",
                                  "type" : "object",
                                  "properties" : {
                                    "compression" : {
                                      "title" : "Controls compression for the TRAP files written by the extractor.",
                                      "description" : "This option is only intended for use in debugging the extractor. Accepted values are 'gzip' (the default, to write gzip-compressed TRAP) 'zstd' (to write Zstandard-compressed TRAP) and 'none' (to write uncompressed TRAP).\n",
                                      "type" : "string",
                                      "pattern" : "^(none|gzip|zstd)$"
                                    }
                                  }
                                }
                              }
                            }
                          ]
                        }
                      }
[2025-09-22 13:17:13] [PROGRESS] database init> Calculating baseline information in /Users/yevhen.fabizhevskyi/Source/personal/forks/node-tar/src
[2025-09-22 13:17:13] [SPAMMY] database init> Ignoring the following directories when processing baseline information: .git, .hg, .svn.
[2025-09-22 13:17:13] [DETAILS] database init> Running command in /Users/yevhen.fabizhevskyi/Source/personal/forks/node-tar/src: /Users/yevhen.fabizhevskyi/.local/bin/codeql/tools/osx64/scc --by-file --exclude-dir .git,.hg,.svn --format json --no-large --no-min .
[2025-09-22 13:17:13] Using configure-baseline script /Users/yevhen.fabizhevskyi/.local/bin/codeql/javascript/tools/configure-baseline.sh.
[2025-09-22 13:17:13] [PROGRESS] database init> Running command in /Users/yevhen.fabizhevskyi/Source/personal/forks/node-tar/src: [/Users/yevhen.fabizhevskyi/.local/bin/codeql/javascript/tools/configure-baseline.sh]
[2025-09-22 13:17:13] [SPAMMY] database init> Found 29 baseline files for javascript.
[2025-09-22 13:17:13] [PROGRESS] database init> Calculated baseline information for languages: javascript (91ms).
[2025-09-22 13:17:13] [PROGRESS] database init> Resolving extractor javascript.
[2025-09-22 13:17:13] [DETAILS] database init> Found candidate extractor root for javascript: /Users/yevhen.fabizhevskyi/.local/bin/codeql/javascript.
[2025-09-22 13:17:13] [PROGRESS] database init> Successfully loaded extractor JavaScript/TypeScript (javascript) from /Users/yevhen.fabizhevskyi/.local/bin/codeql/javascript.
[2025-09-22 13:17:13] [SPAMMY] database init> Determining macOS System Integrity Protection status...
[2025-09-22 13:17:13] [SPAMMY] database init> Running command [/usr/bin/csrutil, status].
[2025-09-22 13:17:13] [SPAMMY] database init> SIP is enabled.
[2025-09-22 13:17:13] [PROGRESS] database init> Created skeleton CodeQL database at /Users/yevhen.fabizhevskyi/Source/personal/forks/node-tar/src/.db-codeql. This in-progress database is ready to be populated by an extractor.
[2025-09-22 13:17:13] Plumbing command codeql database init completed.
[2025-09-22 13:17:13] [PROGRESS] database create> Running build command: []
[2025-09-22 13:17:13] Running plumbing command: codeql database trace-command --threads=16 --working-dir=/Users/yevhen.fabizhevskyi/Source/personal/forks/node-tar/src --index-traceless-dbs --no-db-cluster -- /Users/yevhen.fabizhevskyi/Source/personal/forks/node-tar/src/.db-codeql
[2025-09-22 13:17:13] Using autobuild script /Users/yevhen.fabizhevskyi/.local/bin/codeql/javascript/tools/autobuild.sh.
[2025-09-22 13:17:13] [PROGRESS] database trace-command> Running command in /Users/yevhen.fabizhevskyi/Source/personal/forks/node-tar/src: [/Users/yevhen.fabizhevskyi/.local/bin/codeql/javascript/tools/autobuild.sh]
[2025-09-22 13:17:14] [build-stdout] Parallel extraction with 16 threads.
[2025-09-22 13:17:14] [build-stdout] Found Node.js at: node
[2025-09-22 13:17:14] [build-stdout] Found Node.js version: v24.7.0
[2025-09-22 13:17:14] [build-stdout] Memory for TypeScript process: 2000 MB, and 400 MB reserve
[2025-09-22 13:17:14] [build-stdout] Extracting /Users/yevhen.fabizhevskyi/Source/personal/forks/node-tar/src/create.ts
[2025-09-22 13:17:14] [build-stdout] Done extracting /Users/yevhen.fabizhevskyi/Source/personal/forks/node-tar/src/create.ts (59 ms)
[2025-09-22 13:17:14] [build-stdout] Extracting /Users/yevhen.fabizhevskyi/Source/personal/forks/node-tar/src/cwd-error.ts
[2025-09-22 13:17:14] [build-stdout] Done extracting /Users/yevhen.fabizhevskyi/Source/personal/forks/node-tar/src/cwd-error.ts (4 ms)
[2025-09-22 13:17:14] [build-stdout] Extracting /Users/yevhen.fabizhevskyi/Source/personal/forks/node-tar/src/extract.ts
[2025-09-22 13:17:14] [build-stdout] Done extracting /Users/yevhen.fabizhevskyi/Source/personal/forks/node-tar/src/extract.ts (8 ms)
[2025-09-22 13:17:14] [build-stdout] Extracting /Users/yevhen.fabizhevskyi/Source/personal/forks/node-tar/src/get-write-flag.ts
[2025-09-22 13:17:14] [build-stdout] Done extracting /Users/yevhen.fabizhevskyi/Source/personal/forks/node-tar/src/get-write-flag.ts (4 ms)
[2025-09-22 13:17:14] [build-stdout] Extracting /Users/yevhen.fabizhevskyi/Source/personal/forks/node-tar/src/header.ts
[2025-09-22 13:17:14] [build-stdout] Done extracting /Users/yevhen.fabizhevskyi/Source/personal/forks/node-tar/src/header.ts (48 ms)
[2025-09-22 13:17:14] [build-stdout] Extracting /Users/yevhen.fabizhevskyi/Source/personal/forks/node-tar/src/index.ts
[2025-09-22 13:17:14] [build-stdout] Done extracting /Users/yevhen.fabizhevskyi/Source/personal/forks/node-tar/src/index.ts (4 ms)
[2025-09-22 13:17:14] [build-stdout] Extracting /Users/yevhen.fabizhevskyi/Source/personal/forks/node-tar/src/large-numbers.ts
[2025-09-22 13:17:14] [build-stdout] Done extracting /Users/yevhen.fabizhevskyi/Source/personal/forks/node-tar/src/large-numbers.ts (15 ms)
[2025-09-22 13:17:14] [build-stdout] Extracting /Users/yevhen.fabizhevskyi/Source/personal/forks/node-tar/src/list.ts
[2025-09-22 13:17:14] [build-stdout] Done extracting /Users/yevhen.fabizhevskyi/Source/personal/forks/node-tar/src/list.ts (17 ms)
[2025-09-22 13:17:14] [build-stdout] Extracting /Users/yevhen.fabizhevskyi/Source/personal/forks/node-tar/src/make-command.ts
[2025-09-22 13:17:14] [build-stdout] Done extracting /Users/yevhen.fabizhevskyi/Source/personal/forks/node-tar/src/make-command.ts (18 ms)
[2025-09-22 13:17:14] [build-stdout] Extracting /Users/yevhen.fabizhevskyi/Source/personal/forks/node-tar/src/mkdir.ts
[2025-09-22 13:17:14] [build-stdout] Done extracting /Users/yevhen.fabizhevskyi/Source/personal/forks/node-tar/src/mkdir.ts (21 ms)
[2025-09-22 13:17:14] [build-stdout] Extracting /Users/yevhen.fabizhevskyi/Source/personal/forks/node-tar/src/mode-fix.ts
[2025-09-22 13:17:14] [build-stdout] Done extracting /Users/yevhen.fabizhevskyi/Source/personal/forks/node-tar/src/mode-fix.ts (2 ms)
[2025-09-22 13:17:14] [build-stdout] Extracting /Users/yevhen.fabizhevskyi/Source/personal/forks/node-tar/src/normalize-unicode.ts
[2025-09-22 13:17:14] [build-stdout] Done extracting /Users/yevhen.fabizhevskyi/Source/personal/forks/node-tar/src/normalize-unicode.ts (3 ms)
[2025-09-22 13:17:14] [build-stdout] Extracting /Users/yevhen.fabizhevskyi/Source/personal/forks/node-tar/src/normalize-windows-path.ts
[2025-09-22 13:17:14] [build-stdout] Done extracting /Users/yevhen.fabizhevskyi/Source/personal/forks/node-tar/src/normalize-windows-path.ts (2 ms)
[2025-09-22 13:17:14] [build-stdout] Extracting /Users/yevhen.fabizhevskyi/Source/personal/forks/node-tar/src/options.ts
[2025-09-22 13:17:14] [build-stdout] Done extracting /Users/yevhen.fabizhevskyi/Source/personal/forks/node-tar/src/options.ts (25 ms)
[2025-09-22 13:17:14] [build-stdout] Extracting /Users/yevhen.fabizhevskyi/Source/personal/forks/node-tar/src/pack.ts
[2025-09-22 13:17:14] [build-stdout] Done extracting /Users/yevhen.fabizhevskyi/Source/personal/forks/node-tar/src/pack.ts (33 ms)
[2025-09-22 13:17:14] [build-stdout] Extracting /Users/yevhen.fabizhevskyi/Source/personal/forks/node-tar/src/parse.ts
[2025-09-22 13:17:14] [build-stdout] Done extracting /Users/yevhen.fabizhevskyi/Source/personal/forks/node-tar/src/parse.ts (41 ms)
[2025-09-22 13:17:14] [build-stdout] Extracting /Users/yevhen.fabizhevskyi/Source/personal/forks/node-tar/src/path-reservations.ts
[2025-09-22 13:17:14] [build-stdout] Done extracting /Users/yevhen.fabizhevskyi/Source/personal/forks/node-tar/src/path-reservations.ts (14 ms)
[2025-09-22 13:17:14] [build-stdout] Extracting /Users/yevhen.fabizhevskyi/Source/personal/forks/node-tar/src/pax.ts
[2025-09-22 13:17:14] [build-stdout] Done extracting /Users/yevhen.fabizhevskyi/Source/personal/forks/node-tar/src/pax.ts (12 ms)
[2025-09-22 13:17:14] [build-stdout] Extracting /Users/yevhen.fabizhevskyi/Source/personal/forks/node-tar/src/read-entry.ts
[2025-09-22 13:17:14] [build-stdout] Done extracting /Users/yevhen.fabizhevskyi/Source/personal/forks/node-tar/src/read-entry.ts (9 ms)
[2025-09-22 13:17:14] [build-stdout] Extracting /Users/yevhen.fabizhevskyi/Source/personal/forks/node-tar/src/replace.ts
[2025-09-22 13:17:14] [build-stdout] Done extracting /Users/yevhen.fabizhevskyi/Source/personal/forks/node-tar/src/replace.ts (16 ms)
[2025-09-22 13:17:14] [build-stdout] Extracting /Users/yevhen.fabizhevskyi/Source/personal/forks/node-tar/src/strip-absolute-path.ts
[2025-09-22 13:17:14] [build-stdout] Done extracting /Users/yevhen.fabizhevskyi/Source/personal/forks/node-tar/src/strip-absolute-path.ts (3 ms)
[2025-09-22 13:17:14] [build-stdout] Extracting /Users/yevhen.fabizhevskyi/Source/personal/forks/node-tar/src/strip-trailing-slashes.ts
[2025-09-22 13:17:14] [build-stdout] Done extracting /Users/yevhen.fabizhevskyi/Source/personal/forks/node-tar/src/strip-trailing-slashes.ts (1 ms)
[2025-09-22 13:17:14] [build-stdout] Extracting /Users/yevhen.fabizhevskyi/Source/personal/forks/node-tar/src/symlink-error.ts
[2025-09-22 13:17:14] [build-stdout] Done extracting /Users/yevhen.fabizhevskyi/Source/personal/forks/node-tar/src/symlink-error.ts (1 ms)
[2025-09-22 13:17:14] [build-stdout] Extracting /Users/yevhen.fabizhevskyi/Source/personal/forks/node-tar/src/types.ts
[2025-09-22 13:17:14] [build-stdout] Done extracting /Users/yevhen.fabizhevskyi/Source/personal/forks/node-tar/src/types.ts (4 ms)
[2025-09-22 13:17:14] [build-stdout] Extracting /Users/yevhen.fabizhevskyi/Source/personal/forks/node-tar/src/unpack.ts
[2025-09-22 13:17:14] [build-stdout] Done extracting /Users/yevhen.fabizhevskyi/Source/personal/forks/node-tar/src/unpack.ts (64 ms)
[2025-09-22 13:17:14] [build-stdout] Extracting /Users/yevhen.fabizhevskyi/Source/personal/forks/node-tar/src/update.ts
[2025-09-22 13:17:14] [build-stdout] Done extracting /Users/yevhen.fabizhevskyi/Source/personal/forks/node-tar/src/update.ts (3 ms)
[2025-09-22 13:17:14] [build-stdout] Extracting /Users/yevhen.fabizhevskyi/Source/personal/forks/node-tar/src/warn-method.ts
[2025-09-22 13:17:14] [build-stdout] Done extracting /Users/yevhen.fabizhevskyi/Source/personal/forks/node-tar/src/warn-method.ts (4 ms)
[2025-09-22 13:17:14] [build-stdout] Extracting /Users/yevhen.fabizhevskyi/Source/personal/forks/node-tar/src/winchars.ts
[2025-09-22 13:17:14] [build-stdout] Done extracting /Users/yevhen.fabizhevskyi/Source/personal/forks/node-tar/src/winchars.ts (3 ms)
[2025-09-22 13:17:14] [build-stdout] Extracting /Users/yevhen.fabizhevskyi/Source/personal/forks/node-tar/src/write-entry.ts
[2025-09-22 13:17:14] [build-stdout] Done extracting /Users/yevhen.fabizhevskyi/Source/personal/forks/node-tar/src/write-entry.ts (55 ms)
[2025-09-22 13:17:14] [build-stderr] No externs trap cache found
[2025-09-22 13:17:14] [build-stdout] Extracting /Users/yevhen.fabizhevskyi/.local/bin/codeql/javascript/tools/data/externs/nodejs/constants.js
[2025-09-22 13:17:14] [build-stdout] Extracting /Users/yevhen.fabizhevskyi/.local/bin/codeql/javascript/tools/data/externs/nodejs/net.js
[2025-09-22 13:17:14] [build-stdout] Extracting /Users/yevhen.fabizhevskyi/.local/bin/codeql/javascript/tools/data/externs/nodejs/globals.js
[2025-09-22 13:17:14] [build-stdout] Extracting /Users/yevhen.fabizhevskyi/.local/bin/codeql/javascript/tools/data/externs/nodejs/events.js
[2025-09-22 13:17:14] [build-stdout] Extracting /Users/yevhen.fabizhevskyi/.local/bin/codeql/javascript/tools/data/externs/nodejs/repl.js
[2025-09-22 13:17:14] [build-stdout] Extracting /Users/yevhen.fabizhevskyi/.local/bin/codeql/javascript/tools/data/externs/nodejs/util.js
[2025-09-22 13:17:14] [build-stdout] Extracting /Users/yevhen.fabizhevskyi/.local/bin/codeql/javascript/tools/data/externs/nodejs/dgram.js
[2025-09-22 13:17:14] [build-stdout] Extracting /Users/yevhen.fabizhevskyi/.local/bin/codeql/javascript/tools/data/externs/nodejs/vm.js
[2025-09-22 13:17:14] [build-stdout] Extracting /Users/yevhen.fabizhevskyi/.local/bin/codeql/javascript/tools/data/externs/nodejs/stream.js
[2025-09-22 13:17:14] [build-stdout] Extracting /Users/yevhen.fabizhevskyi/.local/bin/codeql/javascript/tools/data/externs/nodejs/child_process.js
[2025-09-22 13:17:14] [build-stdout] Extracting /Users/yevhen.fabizhevskyi/.local/bin/codeql/javascript/tools/data/externs/nodejs/assert.js
[2025-09-22 13:17:14] [build-stdout] Extracting /Users/yevhen.fabizhevskyi/.local/bin/codeql/javascript/tools/data/externs/nodejs/os.js
[2025-09-22 13:17:14] [build-stdout] Extracting /Users/yevhen.fabizhevskyi/.local/bin/codeql/javascript/tools/data/externs/nodejs/console.js
[2025-09-22 13:17:14] [build-stdout] Extracting /Users/yevhen.fabizhevskyi/.local/bin/codeql/javascript/tools/data/externs/nodejs/readline.js
[2025-09-22 13:17:14] [build-stdout] Extracting /Users/yevhen.fabizhevskyi/.local/bin/codeql/javascript/tools/data/externs/nodejs/punycode.js
[2025-09-22 13:17:14] [build-stdout] Extracting /Users/yevhen.fabizhevskyi/.local/bin/codeql/javascript/tools/data/externs/nodejs/https.js
[2025-09-22 13:17:15] [build-stdout] Done extracting /Users/yevhen.fabizhevskyi/.local/bin/codeql/javascript/tools/data/externs/nodejs/console.js (41 ms)
[2025-09-22 13:17:15] [build-stdout] Extracting /Users/yevhen.fabizhevskyi/.local/bin/codeql/javascript/tools/data/externs/nodejs/domain.js
[2025-09-22 13:17:15] [build-stdout] Done extracting /Users/yevhen.fabizhevskyi/.local/bin/codeql/javascript/tools/data/externs/nodejs/events.js (61 ms)
[2025-09-22 13:17:15] [build-stdout] Extracting /Users/yevhen.fabizhevskyi/.local/bin/codeql/javascript/tools/data/externs/nodejs/dns.js
[2025-09-22 13:17:15] [build-stdout] Done extracting /Users/yevhen.fabizhevskyi/.local/bin/codeql/javascript/tools/data/externs/nodejs/repl.js (62 ms)
[2025-09-22 13:17:15] [build-stdout] Extracting /Users/yevhen.fabizhevskyi/.local/bin/codeql/javascript/tools/data/externs/nodejs/assert_legacy.js
[2025-09-22 13:17:15] [build-stdout] Done extracting /Users/yevhen.fabizhevskyi/.local/bin/codeql/javascript/tools/data/externs/nodejs/punycode.js (64 ms)
[2025-09-22 13:17:15] [build-stdout] Extracting /Users/yevhen.fabizhevskyi/.local/bin/codeql/javascript/tools/data/externs/nodejs/tty.js
[2025-09-22 13:17:15] [build-stdout] Done extracting /Users/yevhen.fabizhevskyi/.local/bin/codeql/javascript/tools/data/externs/nodejs/vm.js (68 ms)
[2025-09-22 13:17:15] [build-stdout] Extracting /Users/yevhen.fabizhevskyi/.local/bin/codeql/javascript/tools/data/externs/nodejs/timers.js
[2025-09-22 13:17:15] [build-stdout] Done extracting /Users/yevhen.fabizhevskyi/.local/bin/codeql/javascript/tools/data/externs/nodejs/dgram.js (69 ms)
[2025-09-22 13:17:15] [build-stdout] Extracting /Users/yevhen.fabizhevskyi/.local/bin/codeql/javascript/tools/data/externs/nodejs/querystring.js
[2025-09-22 13:17:15] [build-stdout] Done extracting /Users/yevhen.fabizhevskyi/.local/bin/codeql/javascript/tools/data/externs/nodejs/assert.js (71 ms)
[2025-09-22 13:17:15] [build-stdout] Extracting /Users/yevhen.fabizhevskyi/.local/bin/codeql/javascript/tools/data/externs/nodejs/module.js
[2025-09-22 13:17:15] [build-stdout] Done extracting /Users/yevhen.fabizhevskyi/.local/bin/codeql/javascript/tools/data/externs/nodejs/https.js (73 ms)
[2025-09-22 13:17:15] [build-stdout] Extracting /Users/yevhen.fabizhevskyi/.local/bin/codeql/javascript/tools/data/externs/nodejs/sys.js
[2025-09-22 13:17:15] [build-stdout] Done extracting /Users/yevhen.fabizhevskyi/.local/bin/codeql/javascript/tools/data/externs/nodejs/readline.js (77 ms)
[2025-09-22 13:17:15] [build-stdout] Extracting /Users/yevhen.fabizhevskyi/.local/bin/codeql/javascript/tools/data/externs/nodejs/path.js
[2025-09-22 13:17:15] [build-stdout] Done extracting /Users/yevhen.fabizhevskyi/.local/bin/codeql/javascript/tools/data/externs/nodejs/os.js (78 ms)
[2025-09-22 13:17:15] [build-stdout] Extracting /Users/yevhen.fabizhevskyi/.local/bin/codeql/javascript/tools/data/externs/nodejs/string_decoder.js
[2025-09-22 13:17:15] [build-stdout] Done extracting /Users/yevhen.fabizhevskyi/.local/bin/codeql/javascript/tools/data/externs/nodejs/util.js (82 ms)
[2025-09-22 13:17:15] [build-stdout] Extracting /Users/yevhen.fabizhevskyi/.local/bin/codeql/javascript/tools/data/externs/nodejs/cluster.js
[2025-09-22 13:17:15] [build-stdout] Done extracting /Users/yevhen.fabizhevskyi/.local/bin/codeql/javascript/tools/data/externs/nodejs/net.js (91 ms)
[2025-09-22 13:17:15] [build-stdout] Extracting /Users/yevhen.fabizhevskyi/.local/bin/codeql/javascript/tools/data/externs/nodejs/v8.js
[2025-09-22 13:17:15] [build-stdout] Done extracting /Users/yevhen.fabizhevskyi/.local/bin/codeql/javascript/tools/data/externs/nodejs/assert_legacy.js (42 ms)
[2025-09-22 13:17:15] [build-stdout] Extracting /Users/yevhen.fabizhevskyi/.local/bin/codeql/javascript/tools/data/externs/nodejs/crypto.js
[2025-09-22 13:17:15] [build-stdout] Done extracting /Users/yevhen.fabizhevskyi/.local/bin/codeql/javascript/tools/data/externs/nodejs/domain.js (66 ms)
[2025-09-22 13:17:15] [build-stdout] Extracting /Users/yevhen.fabizhevskyi/.local/bin/codeql/javascript/tools/data/externs/nodejs/zlib.js
[2025-09-22 13:17:15] [build-stdout] Done extracting /Users/yevhen.fabizhevskyi/.local/bin/codeql/javascript/tools/data/externs/nodejs/child_process.js (109 ms)
[2025-09-22 13:17:15] [build-stdout] Extracting /Users/yevhen.fabizhevskyi/.local/bin/codeql/javascript/tools/data/externs/nodejs/url.js
[2025-09-22 13:17:15] [build-stdout] Done extracting /Users/yevhen.fabizhevskyi/.local/bin/codeql/javascript/tools/data/externs/nodejs/stream.js (109 ms)
[2025-09-22 13:17:15] [build-stdout] Extracting /Users/yevhen.fabizhevskyi/.local/bin/codeql/javascript/tools/data/externs/nodejs/tls.js
[2025-09-22 13:17:15] [build-stdout] Done extracting /Users/yevhen.fabizhevskyi/.local/bin/codeql/javascript/tools/data/externs/nodejs/module.js (43 ms)
[2025-09-22 13:17:15] [build-stdout] Extracting /Users/yevhen.fabizhevskyi/.local/bin/codeql/javascript/tools/data/externs/nodejs/process.js
[2025-09-22 13:17:15] [build-stdout] Done extracting /Users/yevhen.fabizhevskyi/.local/bin/codeql/javascript/tools/data/externs/nodejs/dns.js (56 ms)
[2025-09-22 13:17:15] [build-stdout] Extracting /Users/yevhen.fabizhevskyi/.local/bin/codeql/javascript/tools/data/externs/nodejs/http.js
[2025-09-22 13:17:15] [build-stdout] Done extracting /Users/yevhen.fabizhevskyi/.local/bin/codeql/javascript/tools/data/externs/nodejs/timers.js (50 ms)
[2025-09-22 13:17:15] [build-stdout] Extracting /Users/yevhen.fabizhevskyi/.local/bin/codeql/javascript/tools/data/externs/nodejs/buffer.js
[2025-09-22 13:17:15] [build-stdout] Done extracting /Users/yevhen.fabizhevskyi/.local/bin/codeql/javascript/tools/data/externs/nodejs/querystring.js (50 ms)
[2025-09-22 13:17:15] [build-stdout] Extracting /Users/yevhen.fabizhevskyi/.local/bin/codeql/javascript/tools/data/externs/nodejs/fs.js
[2025-09-22 13:17:15] [build-stdout] Done extracting /Users/yevhen.fabizhevskyi/.local/bin/codeql/javascript/tools/data/externs/nodejs/sys.js (52 ms)
[2025-09-22 13:17:15] [build-stdout] Extracting /Users/yevhen.fabizhevskyi/.local/bin/codeql/javascript/tools/data/externs/web/ie_dom.js
[2025-09-22 13:17:15] [build-stdout] Done extracting /Users/yevhen.fabizhevskyi/.local/bin/codeql/javascript/tools/data/externs/nodejs/string_decoder.js (49 ms)
[2025-09-22 13:17:15] [build-stdout] Extracting /Users/yevhen.fabizhevskyi/.local/bin/codeql/javascript/tools/data/externs/web/mediasource.js
[2025-09-22 13:17:15] [build-stdout] Done extracting /Users/yevhen.fabizhevskyi/.local/bin/codeql/javascript/tools/data/externs/nodejs/tty.js (65 ms)
[2025-09-22 13:17:15] [build-stdout] Extracting /Users/yevhen.fabizhevskyi/.local/bin/codeql/javascript/tools/data/externs/web/html5.js
[2025-09-22 13:17:15] [build-stdout] Done extracting /Users/yevhen.fabizhevskyi/.local/bin/codeql/javascript/tools/data/externs/nodejs/v8.js (42 ms)
[2025-09-22 13:17:15] [build-stdout] Extracting /Users/yevhen.fabizhevskyi/.local/bin/codeql/javascript/tools/data/externs/web/w3c_anim_timing.js
[2025-09-22 13:17:15] [build-stdout] Done extracting /Users/yevhen.fabizhevskyi/.local/bin/codeql/javascript/tools/data/externs/nodejs/constants.js (136 ms)
[2025-09-22 13:17:15] [build-stdout] Done extracting /Users/yevhen.fabizhevskyi/.local/bin/codeql/javascript/tools/data/externs/nodejs/path.js (58 ms)
[2025-09-22 13:17:15] [build-stdout] Extracting /Users/yevhen.fabizhevskyi/.local/bin/codeql/javascript/tools/data/externs/web/w3c_dom3.js
[2025-09-22 13:17:15] [build-stdout] Extracting /Users/yevhen.fabizhevskyi/.local/bin/codeql/javascript/tools/data/externs/web/fetchapi.js
[2025-09-22 13:17:15] [build-stdout] Done extracting /Users/yevhen.fabizhevskyi/.local/bin/codeql/javascript/tools/data/externs/nodejs/globals.js (146 ms)
[2025-09-22 13:17:15] [build-stdout] Extracting /Users/yevhen.fabizhevskyi/.local/bin/codeql/javascript/tools/data/externs/web/streamsapi.js
[2025-09-22 13:17:15] [build-stdout] Done extracting /Users/yevhen.fabizhevskyi/.local/bin/codeql/javascript/tools/data/externs/nodejs/cluster.js (68 ms)
[2025-09-22 13:17:15] [build-stdout] Extracting /Users/yevhen.fabizhevskyi/.local/bin/codeql/javascript/tools/data/externs/web/fileapi.js
[2025-09-22 13:17:15] [build-stdout] Done extracting /Users/yevhen.fabizhevskyi/.local/bin/codeql/javascript/tools/data/externs/nodejs/url.js (43 ms)
[2025-09-22 13:17:15] [build-stdout] Extracting /Users/yevhen.fabizhevskyi/.local/bin/codeql/javascript/tools/data/externs/web/w3c_navigation_timing.js
[2025-09-22 13:17:15] [build-stdout] Done extracting /Users/yevhen.fabizhevskyi/.local/bin/codeql/javascript/tools/data/externs/nodejs/process.js (38 ms)
[2025-09-22 13:17:15] [build-stdout] Extracting /Users/yevhen.fabizhevskyi/.local/bin/codeql/javascript/tools/data/externs/web/w3c_range.js
[2025-09-22 13:17:15] [build-stdout] Done extracting /Users/yevhen.fabizhevskyi/.local/bin/codeql/javascript/tools/data/externs/nodejs/zlib.js (56 ms)
[2025-09-22 13:17:15] [build-stdout] Extracting /Users/yevhen.fabizhevskyi/.local/bin/codeql/javascript/tools/data/externs/web/w3c_indexeddb.js
[2025-09-22 13:17:15] [build-stdout] Done extracting /Users/yevhen.fabizhevskyi/.local/bin/codeql/javascript/tools/data/externs/nodejs/tls.js (55 ms)
[2025-09-22 13:17:15] [build-stdout] Extracting /Users/yevhen.fabizhevskyi/.local/bin/codeql/javascript/tools/data/externs/web/w3c_dom2.js
[2025-09-22 13:17:15] [build-stdout] Done extracting /Users/yevhen.fabizhevskyi/.local/bin/codeql/javascript/tools/data/externs/nodejs/http.js (53 ms)
[2025-09-22 13:17:15] [build-stdout] Extracting /Users/yevhen.fabizhevskyi/.local/bin/codeql/javascript/tools/data/externs/web/w3c_elementtraversal.js
[2025-09-22 13:17:15] [build-stdout] Done extracting /Users/yevhen.fabizhevskyi/.local/bin/codeql/javascript/tools/data/externs/nodejs/buffer.js (53 ms)
[2025-09-22 13:17:15] [build-stdout] Extracting /Users/yevhen.fabizhevskyi/.local/bin/codeql/javascript/tools/data/externs/web/w3c_webcrypto.js
[2025-09-22 13:17:15] [build-stdout] Done extracting /Users/yevhen.fabizhevskyi/.local/bin/codeql/javascript/tools/data/externs/web/w3c_anim_timing.js (44 ms)
[2025-09-22 13:17:15] [build-stdout] Extracting /Users/yevhen.fabizhevskyi/.local/bin/codeql/javascript/tools/data/externs/web/ie_vml.js
[2025-09-22 13:17:15] [build-stdout] Done extracting /Users/yevhen.fabizhevskyi/.local/bin/codeql/javascript/tools/data/externs/nodejs/crypto.js (77 ms)
[2025-09-22 13:17:15] [build-stdout] Extracting /Users/yevhen.fabizhevskyi/.local/bin/codeql/javascript/tools/data/externs/web/intl.js
[2025-09-22 13:17:15] [build-stdout] Done extracting /Users/yevhen.fabizhevskyi/.local/bin/codeql/javascript/tools/data/externs/web/streamsapi.js (38 ms)
[2025-09-22 13:17:15] [build-stdout] Extracting /Users/yevhen.fabizhevskyi/.local/bin/codeql/javascript/tools/data/externs/web/w3c_rtc.js
[2025-09-22 13:17:15] [build-stdout] Done extracting /Users/yevhen.fabizhevskyi/.local/bin/codeql/javascript/tools/data/externs/web/mediasource.js (68 ms)
[2025-09-22 13:17:15] [build-stdout] Extracting /Users/yevhen.fabizhevskyi/.local/bin/codeql/javascript/tools/data/externs/web/w3c_requestidlecallback.js
[2025-09-22 13:17:15] [build-stdout] Done extracting /Users/yevhen.fabizhevskyi/.local/bin/codeql/javascript/tools/data/externs/web/fetchapi.js (65 ms)
[2025-09-22 13:17:15] [build-stdout] Extracting /Users/yevhen.fabizhevskyi/.local/bin/codeql/javascript/tools/data/externs/web/w3c_geolocation.js
[2025-09-22 13:17:15] [build-stdout] Done extracting /Users/yevhen.fabizhevskyi/.local/bin/codeql/javascript/tools/data/externs/web/w3c_dom3.js (81 ms)
[2025-09-22 13:17:15] [build-stdout] Extracting /Users/yevhen.fabizhevskyi/.local/bin/codeql/javascript/tools/data/externs/web/webstorage.js
[2025-09-22 13:17:15] [build-stdout] Done extracting /Users/yevhen.fabizhevskyi/.local/bin/codeql/javascript/tools/data/externs/nodejs/fs.js (98 ms)
[2025-09-22 13:17:15] [build-stdout] Extracting /Users/yevhen.fabizhevskyi/.local/bin/codeql/javascript/tools/data/externs/web/webkit_usercontent.js
[2025-09-22 13:17:15] [build-stdout] Done extracting /Users/yevhen.fabizhevskyi/.local/bin/codeql/javascript/tools/data/externs/web/fileapi.js (73 ms)
[2025-09-22 13:17:15] [build-stdout] Extracting /Users/yevhen.fabizhevskyi/.local/bin/codeql/javascript/tools/data/externs/web/window.js
[2025-09-22 13:17:15] [build-stdout] Done extracting /Users/yevhen.fabizhevskyi/.local/bin/codeql/javascript/tools/data/externs/web/ie_dom.js (99 ms)
[2025-09-22 13:17:15] [build-stdout] Extracting /Users/yevhen.fabizhevskyi/.local/bin/codeql/javascript/tools/data/externs/web/page_visibility.js
[2025-09-22 13:17:15] [build-stdout] Done extracting /Users/yevhen.fabizhevskyi/.local/bin/codeql/javascript/tools/data/externs/web/w3c_navigation_timing.js (76 ms)
[2025-09-22 13:17:15] [build-stdout] Extracting /Users/yevhen.fabizhevskyi/.local/bin/codeql/javascript/tools/data/externs/web/webgl.js
[2025-09-22 13:17:15] [build-stdout] Done extracting /Users/yevhen.fabizhevskyi/.local/bin/codeql/javascript/tools/data/externs/web/w3c_elementtraversal.js (63 ms)
[2025-09-22 13:17:15] [build-stdout] Extracting /Users/yevhen.fabizhevskyi/.local/bin/codeql/javascript/tools/data/externs/web/w3c_touch_event.js
[2025-09-22 13:17:15] [build-stdout] Done extracting /Users/yevhen.fabizhevskyi/.local/bin/codeql/javascript/tools/data/externs/web/w3c_range.js (84 ms)
[2025-09-22 13:17:15] [build-stdout] Extracting /Users/yevhen.fabizhevskyi/.local/bin/codeql/javascript/tools/data/externs/web/w3c_event.js
[2025-09-22 13:17:15] [build-stdout] Done extracting /Users/yevhen.fabizhevskyi/.local/bin/codeql/javascript/tools/data/externs/web/ie_vml.js (69 ms)
[2025-09-22 13:17:15] [build-stdout] Extracting /Users/yevhen.fabizhevskyi/.local/bin/codeql/javascript/tools/data/externs/web/whatwg_encoding.js
[2025-09-22 13:17:15] [build-stdout] Done extracting /Users/yevhen.fabizhevskyi/.local/bin/codeql/javascript/tools/data/externs/web/w3c_indexeddb.js (83 ms)
[2025-09-22 13:17:15] [build-stdout] Extracting /Users/yevhen.fabizhevskyi/.local/bin/codeql/javascript/tools/data/externs/web/w3c_event3.js
[2025-09-22 13:17:15] [build-stdout] Done extracting /Users/yevhen.fabizhevskyi/.local/bin/codeql/javascript/tools/data/externs/web/w3c_requestidlecallback.js (53 ms)
[2025-09-22 13:17:15] [build-stdout] Extracting /Users/yevhen.fabizhevskyi/.local/bin/codeql/javascript/tools/data/externs/web/gecko_xml.js
[2025-09-22 13:17:15] [build-stdout] Done extracting /Users/yevhen.fabizhevskyi/.local/bin/codeql/javascript/tools/data/externs/web/intl.js (70 ms)
[2025-09-22 13:17:15] [build-stdout] Extracting /Users/yevhen.fabizhevskyi/.local/bin/codeql/javascript/tools/data/externs/web/ie_event.js
[2025-09-22 13:17:15] [build-stdout] Done extracting /Users/yevhen.fabizhevskyi/.local/bin/codeql/javascript/tools/data/externs/web/w3c_geolocation.js (55 ms)
[2025-09-22 13:17:15] [build-stdout] Extracting /Users/yevhen.fabizhevskyi/.local/bin/codeql/javascript/tools/data/externs/web/w3c_css.js
[2025-09-22 13:17:15] [build-stdout] Done extracting /Users/yevhen.fabizhevskyi/.local/bin/codeql/javascript/tools/data/externs/web/w3c_webcrypto.js (85 ms)
[2025-09-22 13:17:15] [build-stdout] Extracting /Users/yevhen.fabizhevskyi/.local/bin/codeql/javascript/tools/data/externs/web/ie_css.js
[2025-09-22 13:17:15] [build-stdout] Done extracting /Users/yevhen.fabizhevskyi/.local/bin/codeql/javascript/tools/data/externs/web/page_visibility.js (35 ms)
[2025-09-22 13:17:15] [build-stdout] Extracting /Users/yevhen.fabizhevskyi/.local/bin/codeql/javascript/tools/data/externs/web/webkit_css.js
[2025-09-22 13:17:15] [build-stdout] Done extracting /Users/yevhen.fabizhevskyi/.local/bin/codeql/javascript/tools/data/externs/web/webkit_usercontent.js (50 ms)
[2025-09-22 13:17:15] [build-stdout] Extracting /Users/yevhen.fabizhevskyi/.local/bin/codeql/javascript/tools/data/externs/web/w3c_xml.js
[2025-09-22 13:17:15] [build-stdout] Done extracting /Users/yevhen.fabizhevskyi/.local/bin/codeql/javascript/tools/data/externs/web/webstorage.js (53 ms)
[2025-09-22 13:17:15] [build-stdout] Extracting /Users/yevhen.fabizhevskyi/.local/bin/codeql/javascript/tools/data/externs/web/gecko_css.js
[2025-09-22 13:17:15] [build-stdout] Done extracting /Users/yevhen.fabizhevskyi/.local/bin/codeql/javascript/tools/data/externs/web/window.js (45 ms)
[2025-09-22 13:17:15] [build-stdout] Extracting /Users/yevhen.fabizhevskyi/.local/bin/codeql/javascript/tools/data/externs/web/iphone.js
[2025-09-22 13:17:15] [build-stdout] Done extracting /Users/yevhen.fabizhevskyi/.local/bin/codeql/javascript/tools/data/externs/web/html5.js (143 ms)
[2025-09-22 13:17:15] [build-stdout] Extracting /Users/yevhen.fabizhevskyi/.local/bin/codeql/javascript/tools/data/externs/web/w3c_selectors.js
[2025-09-22 13:17:15] [build-stdout] Done extracting /Users/yevhen.fabizhevskyi/.local/bin/codeql/javascript/tools/data/externs/web/w3c_dom2.js (112 ms)
[2025-09-22 13:17:15] [build-stdout] Extracting /Users/yevhen.fabizhevskyi/.local/bin/codeql/javascript/tools/data/externs/web/chrome.js
[2025-09-22 13:17:15] [build-stdout] Done extracting /Users/yevhen.fabizhevskyi/.local/bin/codeql/javascript/tools/data/externs/web/gecko_xml.js (32 ms)
[2025-09-22 13:17:15] [build-stdout] Extracting /Users/yevhen.fabizhevskyi/.local/bin/codeql/javascript/tools/data/externs/web/w3c_batterystatus.js
[2025-09-22 13:17:15] [build-stdout] Done extracting /Users/yevhen.fabizhevskyi/.local/bin/codeql/javascript/tools/data/externs/web/w3c_event3.js (34 ms)
[2025-09-22 13:17:15] [build-stdout] Extracting /Users/yevhen.fabizhevskyi/.local/bin/codeql/javascript/tools/data/externs/web/webkit_notifications.js
[2025-09-22 13:17:15] [build-stdout] Done extracting /Users/yevhen.fabizhevskyi/.local/bin/codeql/javascript/tools/data/externs/web/w3c_touch_event.js (50 ms)
[2025-09-22 13:17:15] [build-stdout] Extracting /Users/yevhen.fabizhevskyi/.local/bin/codeql/javascript/tools/data/externs/web/w3c_screen_orientation.js
[2025-09-22 13:17:15] [build-stdout] Done extracting /Users/yevhen.fabizhevskyi/.local/bin/codeql/javascript/tools/data/externs/web/whatwg_encoding.js (38 ms)
[2025-09-22 13:17:15] [build-stdout] Extracting /Users/yevhen.fabizhevskyi/.local/bin/codeql/javascript/tools/data/externs/web/w3c_midi.js
[2025-09-22 13:17:15] [build-stdout] Done extracting /Users/yevhen.fabizhevskyi/.local/bin/codeql/javascript/tools/data/externs/web/ie_event.js (38 ms)
[2025-09-22 13:17:15] [build-stdout] Extracting /Users/yevhen.fabizhevskyi/.local/bin/codeql/javascript/tools/data/externs/web/w3c_serviceworker.js
[2025-09-22 13:17:15] [build-stdout] Done extracting /Users/yevhen.fabizhevskyi/.local/bin/codeql/javascript/tools/data/externs/web/iphone.js (21 ms)
[2025-09-22 13:17:15] [build-stdout] Extracting /Users/yevhen.fabizhevskyi/.local/bin/codeql/javascript/tools/data/externs/web/w3c_device_sensor_event.js
[2025-09-22 13:17:15] [build-stdout] Done extracting /Users/yevhen.fabizhevskyi/.local/bin/codeql/javascript/tools/data/externs/web/ie_css.js (35 ms)
[2025-09-22 13:17:15] [build-stdout] Extracting /Users/yevhen.fabizhevskyi/.local/bin/codeql/javascript/tools/data/externs/web/webkit_event.js
[2025-09-22 13:17:15] [build-stdout] Done extracting /Users/yevhen.fabizhevskyi/.local/bin/codeql/javascript/tools/data/externs/web/w3c_event.js (55 ms)
[2025-09-22 13:17:15] [build-stdout] Extracting /Users/yevhen.fabizhevskyi/.local/bin/codeql/javascript/tools/data/externs/web/w3c_permissions.js
[2025-09-22 13:17:15] [build-stdout] Done extracting /Users/yevhen.fabizhevskyi/.local/bin/codeql/javascript/tools/data/externs/web/gecko_css.js (23 ms)
[2025-09-22 13:17:15] [build-stdout] Extracting /Users/yevhen.fabizhevskyi/.local/bin/codeql/javascript/tools/data/externs/web/w3c_gamepad.js
[2025-09-22 13:17:15] [build-stdout] Done extracting /Users/yevhen.fabizhevskyi/.local/bin/codeql/javascript/tools/data/externs/web/w3c_batterystatus.js (12 ms)
[2025-09-22 13:17:15] [build-stdout] Extracting /Users/yevhen.fabizhevskyi/.local/bin/codeql/javascript/tools/data/externs/web/w3c_dom1.js
[2025-09-22 13:17:15] [build-stdout] Done extracting /Users/yevhen.fabizhevskyi/.local/bin/codeql/javascript/tools/data/externs/web/w3c_selectors.js (22 ms)
[2025-09-22 13:17:15] [build-stdout] Extracting /Users/yevhen.fabizhevskyi/.local/bin/codeql/javascript/tools/data/externs/web/url.js
[2025-09-22 13:17:15] [build-stdout] Done extracting /Users/yevhen.fabizhevskyi/.local/bin/codeql/javascript/tools/data/externs/web/w3c_rtc.js (117 ms)
[2025-09-22 13:17:15] [build-stdout] Extracting /Users/yevhen.fabizhevskyi/.local/bin/codeql/javascript/tools/data/externs/web/gecko_event.js
[2025-09-22 13:17:15] [build-stdout] Done extracting /Users/yevhen.fabizhevskyi/.local/bin/codeql/javascript/tools/data/externs/web/w3c_xml.js (33 ms)
[2025-09-22 13:17:15] [build-stdout] Extracting /Users/yevhen.fabizhevskyi/.local/bin/codeql/javascript/tools/data/externs/web/w3c_encoding.js
[2025-09-22 13:17:15] [build-stdout] Done extracting /Users/yevhen.fabizhevskyi/.local/bin/codeql/javascript/tools/data/externs/web/webkit_css.js (54 ms)
[2025-09-22 13:17:15] [build-stdout] Extracting /Users/yevhen.fabizhevskyi/.local/bin/codeql/javascript/tools/data/externs/web/flash.js
[2025-09-22 13:17:15] [build-stdout] Done extracting /Users/yevhen.fabizhevskyi/.local/bin/codeql/javascript/tools/data/externs/web/w3c_screen_orientation.js (33 ms)
[2025-09-22 13:17:15] [build-stdout] Extracting /Users/yevhen.fabizhevskyi/.local/bin/codeql/javascript/tools/data/externs/web/w3c_pointer_events.js
[2025-09-22 13:17:15] [build-stdout] Done extracting /Users/yevhen.fabizhevskyi/.local/bin/codeql/javascript/tools/data/externs/web/w3c_device_sensor_event.js (29 ms)
[2025-09-22 13:17:15] [build-stdout] Extracting /Users/yevhen.fabizhevskyi/.local/bin/codeql/javascript/tools/data/externs/web/gecko_ext.js
[2025-09-22 13:17:15] [build-stdout] Done extracting /Users/yevhen.fabizhevskyi/.local/bin/codeql/javascript/tools/data/externs/web/w3c_midi.js (36 ms)
[2025-09-22 13:17:15] [build-stdout] Extracting /Users/yevhen.fabizhevskyi/.local/bin/codeql/javascript/tools/data/externs/web/gecko_dom.js
[2025-09-22 13:17:15] [build-stdout] Done extracting /Users/yevhen.fabizhevskyi/.local/bin/codeql/javascript/tools/data/externs/web/webkit_notifications.js (43 ms)
[2025-09-22 13:17:15] [build-stdout] Extracting /Users/yevhen.fabizhevskyi/.local/bin/codeql/javascript/tools/data/externs/web/webkit_dom.js
[2025-09-22 13:17:15] [build-stdout] Done extracting /Users/yevhen.fabizhevskyi/.local/bin/codeql/javascript/tools/data/externs/web/webkit_event.js (37 ms)
[2025-09-22 13:17:15] [build-stdout] Extracting /Users/yevhen.fabizhevskyi/.local/bin/codeql/javascript/tools/data/externs/web/w3c_css3d.js
[2025-09-22 13:17:15] [build-stdout] Done extracting /Users/yevhen.fabizhevskyi/.local/bin/codeql/javascript/tools/data/externs/web/chrome.js (53 ms)
[2025-09-22 13:17:15] [build-stdout] Extracting /Users/yevhen.fabizhevskyi/.local/bin/codeql/javascript/tools/data/externs/web/w3c_dom4.js
[2025-09-22 13:17:15] [build-stdout] Done extracting /Users/yevhen.fabizhevskyi/.local/bin/codeql/javascript/tools/data/externs/web/w3c_css.js (77 ms)
[2025-09-22 13:17:15] [build-stdout] Extracting /Users/yevhen.fabizhevskyi/.local/bin/codeql/javascript/tools/data/externs/vm/rhino.js
[2025-09-22 13:17:15] [build-stdout] Done extracting /Users/yevhen.fabizhevskyi/.local/bin/codeql/javascript/tools/data/externs/web/w3c_permissions.js (42 ms)
[2025-09-22 13:17:15] [build-stdout] Extracting /Users/yevhen.fabizhevskyi/.local/bin/codeql/javascript/tools/data/externs/vm/v8.js
[2025-09-22 13:17:15] [build-stdout] Done extracting /Users/yevhen.fabizhevskyi/.local/bin/codeql/javascript/tools/data/externs/web/w3c_encoding.js (34 ms)
[2025-09-22 13:17:15] [build-stdout] Extracting /Users/yevhen.fabizhevskyi/.local/bin/codeql/javascript/tools/data/externs/vm/spidermonkey.js
[2025-09-22 13:17:15] [build-stdout] Done extracting /Users/yevhen.fabizhevskyi/.local/bin/codeql/javascript/tools/data/externs/web/gecko_event.js (35 ms)
[2025-09-22 13:17:15] [build-stdout] Extracting /Users/yevhen.fabizhevskyi/.local/bin/codeql/javascript/tools/data/externs/vm/jsshell.js
[2025-09-22 13:17:15] [build-stdout] Done extracting /Users/yevhen.fabizhevskyi/.local/bin/codeql/javascript/tools/data/externs/web/w3c_gamepad.js (42 ms)
[2025-09-22 13:17:15] [build-stdout] Extracting /Users/yevhen.fabizhevskyi/.local/bin/codeql/javascript/tools/data/externs/lib/jquery-3.2.js
[2025-09-22 13:17:15] [build-stdout] Done extracting /Users/yevhen.fabizhevskyi/.local/bin/codeql/javascript/tools/data/externs/web/w3c_serviceworker.js (46 ms)
[2025-09-22 13:17:15] [build-stdout] Extracting /Users/yevhen.fabizhevskyi/.local/bin/codeql/javascript/tools/data/externs/lib/bdd.js
[2025-09-22 13:17:15] [build-stdout] Done extracting /Users/yevhen.fabizhevskyi/.local/bin/codeql/javascript/tools/data/externs/web/w3c_pointer_events.js (25 ms)
[2025-09-22 13:17:15] [build-stdout] Extracting /Users/yevhen.fabizhevskyi/.local/bin/codeql/javascript/tools/data/externs/lib/should.js
[2025-09-22 13:17:15] [build-stdout] Done extracting /Users/yevhen.fabizhevskyi/.local/bin/codeql/javascript/tools/data/externs/web/url.js (47 ms)
[2025-09-22 13:17:15] [build-stdout] Extracting /Users/yevhen.fabizhevskyi/.local/bin/codeql/javascript/tools/data/externs/lib/vows.js
[2025-09-22 13:17:15] [build-stdout] Done extracting /Users/yevhen.fabizhevskyi/.local/bin/codeql/javascript/tools/data/externs/web/webgl.js (115 ms)
[2025-09-22 13:17:15] [build-stdout] Extracting /Users/yevhen.fabizhevskyi/.local/bin/codeql/javascript/tools/data/externs/es/proxy.js
[2025-09-22 13:17:15] [build-stdout] Done extracting /Users/yevhen.fabizhevskyi/.local/bin/codeql/javascript/tools/data/externs/web/gecko_ext.js (24 ms)
[2025-09-22 13:17:15] [build-stdout] Extracting /Users/yevhen.fabizhevskyi/.local/bin/codeql/javascript/tools/data/externs/es/es5.js
[2025-09-22 13:17:15] [build-stdout] Done extracting /Users/yevhen.fabizhevskyi/.local/bin/codeql/javascript/tools/data/externs/web/flash.js (31 ms)
[2025-09-22 13:17:15] [build-stdout] Extracting /Users/yevhen.fabizhevskyi/.local/bin/codeql/javascript/tools/data/externs/es/intl.js
[2025-09-22 13:17:15] [build-stdout] Done extracting /Users/yevhen.fabizhevskyi/.local/bin/codeql/javascript/tools/data/externs/web/w3c_dom4.js (19 ms)
[2025-09-22 13:17:15] [build-stdout] Extracting /Users/yevhen.fabizhevskyi/.local/bin/codeql/javascript/tools/data/externs/es/es6_collections.js
[2025-09-22 13:17:15] [build-stdout] Done extracting /Users/yevhen.fabizhevskyi/.local/bin/codeql/javascript/tools/data/externs/web/w3c_css3d.js (22 ms)
[2025-09-22 13:17:15] [build-stdout] Extracting /Users/yevhen.fabizhevskyi/.local/bin/codeql/javascript/tools/data/externs/es/es6.js
[2025-09-22 13:17:15] [build-stdout] Done extracting /Users/yevhen.fabizhevskyi/.local/bin/codeql/javascript/tools/data/externs/vm/spidermonkey.js (18 ms)
[2025-09-22 13:17:15] [build-stdout] Extracting /Users/yevhen.fabizhevskyi/.local/bin/codeql/javascript/tools/data/externs/es/es2017.js
[2025-09-22 13:17:15] [build-stdout] Done extracting /Users/yevhen.fabizhevskyi/.local/bin/codeql/javascript/tools/data/externs/web/webkit_dom.js (29 ms)
[2025-09-22 13:17:15] [build-stdout] Extracting /Users/yevhen.fabizhevskyi/.local/bin/codeql/javascript/tools/data/externs/es/es3.js
[2025-09-22 13:17:15] [build-stdout] Done extracting /Users/yevhen.fabizhevskyi/.local/bin/codeql/javascript/tools/data/externs/vm/v8.js (21 ms)
[2025-09-22 13:17:15] [build-stdout] Extracting /Users/yevhen.fabizhevskyi/.local/bin/codeql/javascript/tools/data/externs/es/es2016.js
[2025-09-22 13:17:15] [build-stdout] Done extracting /Users/yevhen.fabizhevskyi/.local/bin/codeql/javascript/tools/data/externs/vm/rhino.js (22 ms)
[2025-09-22 13:17:15] [build-stdout] Done extracting /Users/yevhen.fabizhevskyi/.local/bin/codeql/javascript/tools/data/externs/web/w3c_dom1.js (65 ms)
[2025-09-22 13:17:15] [build-stdout] Done extracting /Users/yevhen.fabizhevskyi/.local/bin/codeql/javascript/tools/data/externs/lib/bdd.js (24 ms)
[2025-09-22 13:17:15] [build-stdout] Done extracting /Users/yevhen.fabizhevskyi/.local/bin/codeql/javascript/tools/data/externs/web/gecko_dom.js (43 ms)
[2025-09-22 13:17:15] [build-stdout] Done extracting /Users/yevhen.fabizhevskyi/.local/bin/codeql/javascript/tools/data/externs/es/proxy.js (22 ms)
[2025-09-22 13:17:15] [build-stdout] Done extracting /Users/yevhen.fabizhevskyi/.local/bin/codeql/javascript/tools/data/externs/lib/vows.js (23 ms)
[2025-09-22 13:17:15] [build-stdout] Done extracting /Users/yevhen.fabizhevskyi/.local/bin/codeql/javascript/tools/data/externs/vm/jsshell.js (35 ms)
[2025-09-22 13:17:15] [build-stdout] Done extracting /Users/yevhen.fabizhevskyi/.local/bin/codeql/javascript/tools/data/externs/es/es6_collections.js (20 ms)
[2025-09-22 13:17:15] [build-stdout] Done extracting /Users/yevhen.fabizhevskyi/.local/bin/codeql/javascript/tools/data/externs/es/intl.js (24 ms)
[2025-09-22 13:17:15] [build-stdout] Done extracting /Users/yevhen.fabizhevskyi/.local/bin/codeql/javascript/tools/data/externs/es/es2016.js (15 ms)
[2025-09-22 13:17:15] [build-stdout] Done extracting /Users/yevhen.fabizhevskyi/.local/bin/codeql/javascript/tools/data/externs/lib/should.js (30 ms)
[2025-09-22 13:17:15] [build-stdout] Done extracting /Users/yevhen.fabizhevskyi/.local/bin/codeql/javascript/tools/data/externs/es/es2017.js (20 ms)
[2025-09-22 13:17:15] [build-stdout] Done extracting /Users/yevhen.fabizhevskyi/.local/bin/codeql/javascript/tools/data/externs/es/es5.js (30 ms)
[2025-09-22 13:17:15] [build-stdout] Done extracting /Users/yevhen.fabizhevskyi/.local/bin/codeql/javascript/tools/data/externs/es/es6.js (53 ms)
[2025-09-22 13:17:15] [build-stdout] Done extracting /Users/yevhen.fabizhevskyi/.local/bin/codeql/javascript/tools/data/externs/es/es3.js (60 ms)
[2025-09-22 13:17:15] [build-stdout] Done extracting /Users/yevhen.fabizhevskyi/.local/bin/codeql/javascript/tools/data/externs/lib/jquery-3.2.js (81 ms)
[2025-09-22 13:17:15] Plumbing command codeql database trace-command completed.
[2025-09-22 13:17:15] [PROGRESS] database create> Finalizing database at /Users/yevhen.fabizhevskyi/Source/personal/forks/node-tar/src/.db-codeql.
[2025-09-22 13:17:15] Running plumbing command: codeql database finalize --threads=16 --no-db-cluster -- /Users/yevhen.fabizhevskyi/Source/personal/forks/node-tar/src/.db-codeql
[2025-09-22 13:17:15] [PROGRESS] database finalize> Running TRAP import for CodeQL database at /Users/yevhen.fabizhevskyi/Source/personal/forks/node-tar/src/.db-codeql...
[2025-09-22 13:17:15] Running plumbing command: codeql dataset import --dbscheme=/Users/yevhen.fabizhevskyi/.local/bin/codeql/javascript/semmlecode.javascript.dbscheme --threads=16 -- /Users/yevhen.fabizhevskyi/Source/personal/forks/node-tar/src/.db-codeql/db-javascript /Users/yevhen.fabizhevskyi/Source/personal/forks/node-tar/src/.db-codeql/trap/javascript
[2025-09-22 13:17:15] Clearing disk cache since the version file /Users/yevhen.fabizhevskyi/Source/personal/forks/node-tar/src/.db-codeql/db-javascript/default/cache/version does not exist
[2025-09-22 13:17:15] Tuple pool not found. Clearing relations with cached strings
[2025-09-22 13:17:15] Trimming disk cache at /Users/yevhen.fabizhevskyi/Source/personal/forks/node-tar/src/.db-codeql/db-javascript/default/cache in mode clear.
[2025-09-22 13:17:15] Sequence stamp origin is -6001123145145949865
[2025-09-22 13:17:15] Pausing evaluation to hard-clear memory at sequence stamp o+0
[2025-09-22 13:17:15] Unpausing evaluation
[2025-09-22 13:17:15] Pausing evaluation to quickly trim disk at sequence stamp o+1
[2025-09-22 13:17:15] Unpausing evaluation
[2025-09-22 13:17:15] Pausing evaluation to zealously trim disk at sequence stamp o+2
[2025-09-22 13:17:15] Unpausing evaluation
[2025-09-22 13:17:15] Trimming completed (3ms): Purged everything.
[2025-09-22 13:17:15] Scanning for files in /Users/yevhen.fabizhevskyi/Source/personal/forks/node-tar/src/.db-codeql/trap/javascript
[2025-09-22 13:17:15] Found 140 TRAP files (10.21 MiB)
[2025-09-22 13:17:15] [PROGRESS] dataset import> Importing TRAP files
[2025-09-22 13:17:15] Importing jquery-3.2.js.trap.gz (10 of 140)
[2025-09-22 13:17:15] Importing should.js.trap.gz (11 of 140)
[2025-09-22 13:17:15] Importing es2017.js.trap.gz (1 of 140)
[2025-09-22 13:17:15] Importing es6.js.trap.gz (5 of 140)
[2025-09-22 13:17:15] Importing assert_legacy.js.trap.gz (14 of 140)
[2025-09-22 13:17:15] Importing es5.js.trap.gz (4 of 140)
[2025-09-22 13:17:15] Importing proxy.js.trap.gz (8 of 140)
[2025-09-22 13:17:15] Importing es6_collections.js.trap.gz (6 of 140)
[2025-09-22 13:17:15] Importing intl.js.trap.gz (7 of 140)
[2025-09-22 13:17:15] Importing assert.js.trap.gz (13 of 140)
[2025-09-22 13:17:15] Importing es2016.js.trap.gz (2 of 140)
[2025-09-22 13:17:15] Importing buffer.js.trap.gz (15 of 140)
[2025-09-22 13:17:15] Importing bdd.js.trap.gz (9 of 140)
[2025-09-22 13:17:15] Importing es3.js.trap.gz (3 of 140)
[2025-09-22 13:17:15] Importing vows.js.trap.gz (12 of 140)
[2025-09-22 13:17:15] Importing child_process.js.trap.gz (16 of 140)
[2025-09-22 13:17:15] Importing cluster.js.trap.gz (17 of 140)
[2025-09-22 13:17:15] Importing console.js.trap.gz (18 of 140)
[2025-09-22 13:17:15] Importing constants.js.trap.gz (19 of 140)
[2025-09-22 13:17:15] Importing dgram.js.trap.gz (20 of 140)
[2025-09-22 13:17:15] Importing crypto.js.trap.gz (21 of 140)
[2025-09-22 13:17:15] Importing dns.js.trap.gz (22 of 140)
[2025-09-22 13:17:15] Importing domain.js.trap.gz (23 of 140)
[2025-09-22 13:17:15] Importing events.js.trap.gz (24 of 140)
[2025-09-22 13:17:15] Importing fs.js.trap.gz (25 of 140)
[2025-09-22 13:17:15] Importing globals.js.trap.gz (26 of 140)
[2025-09-22 13:17:15] Importing http.js.trap.gz (27 of 140)
[2025-09-22 13:17:15] Importing https.js.trap.gz (28 of 140)
[2025-09-22 13:17:15] Importing module.js.trap.gz (29 of 140)
[2025-09-22 13:17:15] Importing net.js.trap.gz (30 of 140)
[2025-09-22 13:17:15] Importing os.js.trap.gz (31 of 140)
[2025-09-22 13:17:15] Importing path.js.trap.gz (32 of 140)
[2025-09-22 13:17:15] Importing process.js.trap.gz (33 of 140)
[2025-09-22 13:17:15] Importing punycode.js.trap.gz (34 of 140)
[2025-09-22 13:17:15] Importing querystring.js.trap.gz (35 of 140)
[2025-09-22 13:17:15] Importing readline.js.trap.gz (36 of 140)
[2025-09-22 13:17:15] Importing repl.js.trap.gz (37 of 140)
[2025-09-22 13:17:15] Importing stream.js.trap.gz (38 of 140)
[2025-09-22 13:17:15] Importing string_decoder.js.trap.gz (39 of 140)
[2025-09-22 13:17:15] Importing sys.js.trap.gz (40 of 140)
[2025-09-22 13:17:15] Importing timers.js.trap.gz (41 of 140)
[2025-09-22 13:17:15] Importing tls.js.trap.gz (42 of 140)
[2025-09-22 13:17:15] Importing tty.js.trap.gz (43 of 140)
[2025-09-22 13:17:15] Importing url.js.trap.gz (44 of 140)
[2025-09-22 13:17:15] Importing util.js.trap.gz (45 of 140)
[2025-09-22 13:17:15] Importing v8.js.trap.gz (46 of 140)
[2025-09-22 13:17:15] Importing vm.js.trap.gz (47 of 140)
[2025-09-22 13:17:15] Importing zlib.js.trap.gz (48 of 140)
[2025-09-22 13:17:15] Importing jsshell.js.trap.gz (49 of 140)
[2025-09-22 13:17:15] Importing rhino.js.trap.gz (50 of 140)
[2025-09-22 13:17:15] Importing spidermonkey.js.trap.gz (51 of 140)
[2025-09-22 13:17:15] Importing v8.js.trap.gz (52 of 140)
[2025-09-22 13:17:15] Importing chrome.js.trap.gz (53 of 140)
[2025-09-22 13:17:15] Importing fetchapi.js.trap.gz (54 of 140)
[2025-09-22 13:17:15] Importing fileapi.js.trap.gz (55 of 140)
[2025-09-22 13:17:15] Importing flash.js.trap.gz (56 of 140)
[2025-09-22 13:17:15] Importing gecko_css.js.trap.gz (57 of 140)
[2025-09-22 13:17:15] Importing gecko_dom.js.trap.gz (58 of 140)
[2025-09-22 13:17:15] Importing gecko_event.js.trap.gz (59 of 140)
[2025-09-22 13:17:15] Importing gecko_ext.js.trap.gz (60 of 140)
[2025-09-22 13:17:15] Importing gecko_xml.js.trap.gz (61 of 140)
[2025-09-22 13:17:15] Importing html5.js.trap.gz (62 of 140)
[2025-09-22 13:17:15] Importing ie_css.js.trap.gz (63 of 140)
[2025-09-22 13:17:15] Importing ie_dom.js.trap.gz (64 of 140)
[2025-09-22 13:17:15] Importing ie_event.js.trap.gz (65 of 140)
[2025-09-22 13:17:15] Importing ie_vml.js.trap.gz (66 of 140)
[2025-09-22 13:17:15] Importing intl.js.trap.gz (67 of 140)
[2025-09-22 13:17:15] Importing iphone.js.trap.gz (68 of 140)
[2025-09-22 13:17:15] Importing mediasource.js.trap.gz (69 of 140)
[2025-09-22 13:17:15] Importing page_visibility.js.trap.gz (70 of 140)
[2025-09-22 13:17:15] Importing streamsapi.js.trap.gz (71 of 140)
[2025-09-22 13:17:15] Importing url.js.trap.gz (72 of 140)
[2025-09-22 13:17:15] Importing w3c_anim_timing.js.trap.gz (73 of 140)
[2025-09-22 13:17:15] Importing w3c_batterystatus.js.trap.gz (74 of 140)
[2025-09-22 13:17:15] Importing w3c_css.js.trap.gz (75 of 140)
[2025-09-22 13:17:15] Importing w3c_css3d.js.trap.gz (76 of 140)
[2025-09-22 13:17:15] Importing w3c_device_sensor_event.js.trap.gz (77 of 140)
[2025-09-22 13:17:15] Importing w3c_dom1.js.trap.gz (78 of 140)
[2025-09-22 13:17:15] Importing w3c_dom2.js.trap.gz (79 of 140)
[2025-09-22 13:17:15] Importing w3c_dom3.js.trap.gz (80 of 140)
[2025-09-22 13:17:15] Importing w3c_dom4.js.trap.gz (81 of 140)
[2025-09-22 13:17:15] Importing w3c_elementtraversal.js.trap.gz (82 of 140)
[2025-09-22 13:17:15] Importing w3c_encoding.js.trap.gz (83 of 140)
[2025-09-22 13:17:15] Importing w3c_event.js.trap.gz (84 of 140)
[2025-09-22 13:17:15] Importing w3c_event3.js.trap.gz (85 of 140)
[2025-09-22 13:17:15] Importing w3c_gamepad.js.trap.gz (86 of 140)
[2025-09-22 13:17:15] Importing w3c_geolocation.js.trap.gz (87 of 140)
[2025-09-22 13:17:15] Importing w3c_indexeddb.js.trap.gz (88 of 140)
[2025-09-22 13:17:15] Importing w3c_midi.js.trap.gz (89 of 140)
[2025-09-22 13:17:15] Importing w3c_navigation_timing.js.trap.gz (90 of 140)
[2025-09-22 13:17:15] Importing w3c_permissions.js.trap.gz (91 of 140)
[2025-09-22 13:17:15] Importing w3c_pointer_events.js.trap.gz (92 of 140)
[2025-09-22 13:17:15] Importing w3c_range.js.trap.gz (93 of 140)
[2025-09-22 13:17:15] Importing w3c_requestidlecallback.js.trap.gz (94 of 140)
[2025-09-22 13:17:15] Importing w3c_rtc.js.trap.gz (95 of 140)
[2025-09-22 13:17:15] Importing w3c_screen_orientation.js.trap.gz (96 of 140)
[2025-09-22 13:17:15] Importing w3c_selectors.js.trap.gz (97 of 140)
[2025-09-22 13:17:15] Importing w3c_serviceworker.js.trap.gz (98 of 140)
[2025-09-22 13:17:15] Importing w3c_touch_event.js.trap.gz (99 of 140)
[2025-09-22 13:17:15] Importing w3c_webcrypto.js.trap.gz (100 of 140)
[2025-09-22 13:17:15] Importing w3c_xml.js.trap.gz (101 of 140)
[2025-09-22 13:17:15] Importing webgl.js.trap.gz (102 of 140)
[2025-09-22 13:17:15] Importing webkit_css.js.trap.gz (103 of 140)
[2025-09-22 13:17:15] Importing webkit_dom.js.trap.gz (104 of 140)
[2025-09-22 13:17:15] Importing webkit_event.js.trap.gz (105 of 140)
[2025-09-22 13:17:15] Importing webkit_notifications.js.trap.gz (106 of 140)
[2025-09-22 13:17:15] Importing webkit_usercontent.js.trap.gz (107 of 140)
[2025-09-22 13:17:15] Importing webstorage.js.trap.gz (108 of 140)
[2025-09-22 13:17:15] Importing whatwg_encoding.js.trap.gz (109 of 140)
[2025-09-22 13:17:15] Importing window.js.trap.gz (110 of 140)
[2025-09-22 13:17:15] Importing create.ts.trap.gz (111 of 140)
[2025-09-22 13:17:15] Importing cwd-error.ts.trap.gz (112 of 140)
[2025-09-22 13:17:15] Importing extract.ts.trap.gz (113 of 140)
[2025-09-22 13:17:15] Importing get-write-flag.ts.trap.gz (114 of 140)
[2025-09-22 13:17:15] Importing header.ts.trap.gz (115 of 140)
[2025-09-22 13:17:15] Importing index.ts.trap.gz (116 of 140)
[2025-09-22 13:17:15] Importing large-numbers.ts.trap.gz (117 of 140)
[2025-09-22 13:17:15] Importing list.ts.trap.gz (118 of 140)
[2025-09-22 13:17:15] Importing make-command.ts.trap.gz (119 of 140)
[2025-09-22 13:17:15] Importing mkdir.ts.trap.gz (120 of 140)
[2025-09-22 13:17:15] Importing mode-fix.ts.trap.gz (121 of 140)
[2025-09-22 13:17:15] Importing normalize-unicode.ts.trap.gz (122 of 140)
[2025-09-22 13:17:15] Importing normalize-windows-path.ts.trap.gz (123 of 140)
[2025-09-22 13:17:15] Importing options.ts.trap.gz (124 of 140)
[2025-09-22 13:17:15] Importing pack.ts.trap.gz (125 of 140)
[2025-09-22 13:17:15] Importing parse.ts.trap.gz (126 of 140)
[2025-09-22 13:17:15] Importing path-reservations.ts.trap.gz (127 of 140)
[2025-09-22 13:17:15] Importing pax.ts.trap.gz (128 of 140)
[2025-09-22 13:17:15] Importing read-entry.ts.trap.gz (129 of 140)
[2025-09-22 13:17:15] Importing replace.ts.trap.gz (130 of 140)
[2025-09-22 13:17:15] Importing strip-absolute-path.ts.trap.gz (131 of 140)
[2025-09-22 13:17:15] Importing strip-trailing-slashes.ts.trap.gz (132 of 140)
[2025-09-22 13:17:15] Importing symlink-error.ts.trap.gz (133 of 140)
[2025-09-22 13:17:15] Importing types.ts.trap.gz (134 of 140)
[2025-09-22 13:17:15] Importing unpack.ts.trap.gz (135 of 140)
[2025-09-22 13:17:15] Importing update.ts.trap.gz (136 of 140)
[2025-09-22 13:17:15] Importing warn-method.ts.trap.gz (137 of 140)
[2025-09-22 13:17:15] Importing winchars.ts.trap.gz (138 of 140)
[2025-09-22 13:17:15] Importing write-entry.ts.trap.gz (139 of 140)
[2025-09-22 13:17:15] Importing metadata.trap.gz (140 of 140)
[2025-09-22 13:17:15] [PROGRESS] dataset import> Merging relations
[2025-09-22 13:17:16] Merging 16 fragments for 'files'.
[2025-09-22 13:17:16] Merging 16 fragments for 'scopes'.
[2025-09-22 13:17:16] Merging 16 fragments for 'next_token'.
[2025-09-22 13:17:16] Merging 16 fragments for 'jsdoc_tag_descriptions'.
[2025-09-22 13:17:16] Merging 16 fragments for 'extraction_data'.
[2025-09-22 13:17:16] Merging 16 fragments for 'jsdoc_tag_names'.
[2025-09-22 13:17:16] Merging 16 fragments for 'indentation'.
[2025-09-22 13:17:16] Merging 16 fragments for 'jsdoc_tags'.
[2025-09-22 13:17:16] Merging 16 fragments for 'tokeninfo'.
[2025-09-22 13:17:16] Merging 16 fragments for 'jsdoc'.
[2025-09-22 13:17:16] Merging 16 fragments for 'hasLocation'.
[2025-09-22 13:17:16] Merging 16 fragments for 'numlines'.
[2025-09-22 13:17:16] Merging 16 fragments for 'containerparent'.
[2025-09-22 13:17:16] Merging 16 fragments for 'folders'.
[2025-09-22 13:17:16] Merging 16 fragments for 'comments'.
[2025-09-22 13:17:16] Merging 16 fragments for 'locations_default'.
[2025-09-22 13:17:16] Merged 516 bytes for 'files'.
[2025-09-22 13:17:16] Merging 16 fragments for 'jsdoc_type_exprs'.
[2025-09-22 13:17:16] Merged 634 bytes for 'extraction_data'.
[2025-09-22 13:17:16] Merged 73 bytes for 'folders'.
[2025-09-22 13:17:16] Merging 16 fragments for 'jsdoc_prefix_qualifier'.
[2025-09-22 13:17:16] Merging 16 fragments for 'toplevels'.
[2025-09-22 13:17:16] Merged 354 bytes for 'containerparent'.
[2025-09-22 13:17:16] Merging 16 fragments for 'stmts'.
[2025-09-22 13:17:16] Merged 1972 bytes (1.93 KiB) for 'numlines'.
[2025-09-22 13:17:16] Merging 16 fragments for 'stmt_containers'.
[2025-09-22 13:17:16] Merged 7969 bytes (7.78 KiB) for 'jsdoc_tag_descriptions'.
[2025-09-22 13:17:16] Merging 16 fragments for 'exprs'.
[2025-09-22 13:17:16] Merged 14979 bytes (14.63 KiB) for 'jsdoc_tag_names'.
[2025-09-22 13:17:16] Merging 16 fragments for 'enclosing_stmt'.
[2025-09-22 13:17:16] Merged 5913 bytes (5.77 KiB) for 'scopes'.
[2025-09-22 13:17:16] Merging 16 fragments for 'expr_containers'.
[2025-09-22 13:17:16] Merged 28230 bytes (27.57 KiB) for 'jsdoc'.
[2025-09-22 13:17:16] Merging 16 fragments for 'literals'.
[2025-09-22 13:17:16] Merged 52601 bytes (51.37 KiB) for 'comments'.
[2025-09-22 13:17:16] Merging 16 fragments for 'variables'.
[2025-09-22 13:17:16] Merged 30699 bytes (29.98 KiB) for 'next_token'.
[2025-09-22 13:17:16] Merging 16 fragments for 'bind'.
[2025-09-22 13:17:16] Merged 2283 bytes (2.23 KiB) for 'jsdoc_prefix_qualifier'.
[2025-09-22 13:17:16] Merging 16 fragments for 'scopenodes'.
[2025-09-22 13:17:16] Merged 277 bytes for 'toplevels'.
[2025-09-22 13:17:16] Merging 16 fragments for 'scopenesting'.
[2025-09-22 13:17:16] Merged 36457 bytes (35.60 KiB) for 'indentation'.
[2025-09-22 13:17:16] Merging 16 fragments for 'decl'.
[2025-09-22 13:17:16] Merged 119249 bytes (116.45 KiB) for 'jsdoc_tags'.
[2025-09-22 13:17:16] Merging 16 fragments for 'is_arguments_object'.
[2025-09-22 13:17:16] Merged 71667 bytes (69.99 KiB) for 'stmt_containers'.
[2025-09-22 13:17:16] Merging 16 fragments for 'entry_cfg_node'.
[2025-09-22 13:17:16] Merged 150534 bytes (147.01 KiB) for 'stmts'.
[2025-09-22 13:17:16] Merging 16 fragments for 'exit_cfg_node'.
[2025-09-22 13:17:16] Merged 134050 bytes (130.91 KiB) for 'jsdoc_type_exprs'.
[2025-09-22 13:17:16] Merging 16 fragments for 'successor'.
[2025-09-22 13:17:16] Merged 153719 bytes (150.12 KiB) for 'enclosing_stmt'.
[2025-09-22 13:17:16] Merging 16 fragments for 'is_externs'.
[2025-09-22 13:17:16] Merged 50953 bytes (49.76 KiB) for 'variables'.
[2025-09-22 13:17:16] Merging 16 fragments for 'filetype'.
[2025-09-22 13:17:16] Merged 45061 bytes (44.00 KiB) for 'bind'.
[2025-09-22 13:17:16] Merging 16 fragments for 'extraction_time'.
[2025-09-22 13:17:16] Merged 11570 bytes (11.30 KiB) for 'scopenodes'.
[2025-09-22 13:17:16] Merging 15 fragments for 'jsdoc_record_field_name'.
[2025-09-22 13:17:16] Merged 937178 bytes (915.21 KiB) for 'tokeninfo'.
[2025-09-22 13:17:16] Merging 14 fragments for 'is_module'.
[2025-09-22 13:17:16] Merged 109810 bytes (107.24 KiB) for 'literals'.
[2025-09-22 13:17:16] Merged 12111 bytes (11.83 KiB) for 'scopenesting'.
[2025-09-22 13:17:16] Merging 12 fragments for 'is_nodejs'.
[2025-09-22 13:17:16] Merging 10 fragments for 'is_es2015_module'.
[2025-09-22 13:17:16] Merged 269747 bytes (263.42 KiB) for 'expr_containers'.
[2025-09-22 13:17:16] Merging 10 fragments for 'local_type_names'.
[2025-09-22 13:17:16] Merged 539497 bytes (526.85 KiB) for 'exprs'.
[2025-09-22 13:17:16] Merging 10 fragments for 'local_namespace_names'.
[2025-09-22 13:17:16] Merged 2187408 bytes (2.09 MiB) for 'locations_default'.
[2025-09-22 13:17:16] Merging 13 fragments for 'regexpterm'.
[2025-09-22 13:17:16] Merged 781610 bytes (763.29 KiB) for 'hasLocation'.
[2025-09-22 13:17:16] Merging 13 fragments for 'regexp_const_value'.
[2025-09-22 13:17:16] Merged 18444 bytes (18.01 KiB) for 'decl'.
[2025-09-22 13:17:16] Merging 10 fragments for 'typedecl'.
[2025-09-22 13:17:16] Merged 4545 bytes (4.44 KiB) for 'is_arguments_object'.
[2025-09-22 13:17:16] Merging 10 fragments for 'namespacedecl'.
[2025-09-22 13:17:16] Merged 12959 bytes (12.66 KiB) for 'exit_cfg_node'.
[2025-09-22 13:17:16] Merging 10 fragments for 'typeexprs'.
[2025-09-22 13:17:16] Merged 12946 bytes (12.64 KiB) for 'entry_cfg_node'.
[2025-09-22 13:17:16] Merging 10 fragments for 'typebind'.
[2025-09-22 13:17:16] Merged 70 bytes for 'is_es2015_module'.
[2025-09-22 13:17:16] Merging 11 fragments for 'properties'.
[2025-09-22 13:17:16] Merged 249016 bytes (243.18 KiB) for 'successor'.
[2025-09-22 13:17:16] Merging 5 fragments for 'namespacebind'.
[2025-09-22 13:17:16] Merged 873 bytes for 'local_type_names'.
[2025-09-22 13:17:16] Merging 2 fragments for 'is_async'.
[2025-09-22 13:17:16] Merged 80 bytes for 'is_nodejs'.
[2025-09-22 13:17:16] Merging 5 fragments for 'isOptionalChaining'.
[2025-09-22 13:17:16] Merged 134 bytes for 'is_module'.
[2025-09-22 13:17:16] Merging 12 fragments for 'guard_node'.
[2025-09-22 13:17:16] Merged 629 bytes for 'local_namespace_names'.
[2025-09-22 13:17:16] Merging 8 fragments for 'has_type_keyword'.
[2025-09-22 13:17:16] Merged 213 bytes for 'is_externs'.
[2025-09-22 13:17:16] Merging 9 fragments for 'array_size'.
[2025-09-22 13:17:16] Merged 1670 bytes (1.63 KiB) for 'jsdoc_record_field_name'.
[2025-09-22 13:17:16] Merging 9 fragments for 'is_optional_member'.
[2025-09-22 13:17:16] Merged 285 bytes for 'filetype'.
[2025-09-22 13:17:16] Merging 4 fragments for 'is_computed'.
[2025-09-22 13:17:16] Merged 24 bytes for 'is_async'.
[2025-09-22 13:17:16] Merging 7 fragments for 'is_method'.
[2025-09-22 13:17:16] Merged 16088 bytes (15.71 KiB) for 'extraction_time'.
[2025-09-22 13:17:16] Merging 5 fragments for 'is_greedy'.
[2025-09-22 13:17:16] Merged 76 bytes for 'namespacebind'.
[2025-09-22 13:17:16] Merging 3 fragments for 'is_capture'.
[2025-09-22 13:17:16] Merged 7126 bytes (6.96 KiB) for 'regexpterm'.
[2025-09-22 13:17:16] Merging 9 fragments for 'is_optional_parameter_declaration'.
[2025-09-22 13:17:16] Merged 2635 bytes (2.57 KiB) for 'regexp_const_value'.
[2025-09-22 13:17:16] Merging 5 fragments for 'jump_targets'.
[2025-09-22 13:17:16] Merged 188 bytes for 'is_computed'.
[2025-09-22 13:17:16] Merging 1 fragment for 'is_static'.
[2025-09-22 13:17:16] Merged 68 bytes for 'isOptionalChaining'.
[2025-09-22 13:17:16] Merging 8 fragments for 'jsdoc_errors'.
[2025-09-22 13:17:16] Merged 21 bytes for 'is_static'.
[2025-09-22 13:17:16] Merging 6 fragments for 'is_abstract_member'.
[2025-09-22 13:17:16] Merged 50 bytes for 'is_greedy'.
[2025-09-22 13:17:16] Merging 2 fragments for 'has_rest_parameter'.
[2025-09-22 13:17:16] Merged 418 bytes for 'namespacedecl'.
[2025-09-22 13:17:16] Merging 5 fragments for 'jsdoc_has_new_parameter'.
[2025-09-22 13:17:16] Merged 602 bytes for 'typedecl'.
[2025-09-22 13:17:16] Merging 1 fragment for 'sourceLocationPrefix'.
[2025-09-22 13:17:16] Merged 13747 bytes (13.42 KiB) for 'typeexprs'.
[2025-09-22 13:17:16] Merged 1238 bytes (1.21 KiB) for 'typebind'.
[2025-09-22 13:17:16] Merged 49 bytes for 'is_capture'.
[2025-09-22 13:17:16] Merged 19 bytes for 'sourceLocationPrefix'.
[2025-09-22 13:17:16] Merged 44 bytes for 'has_type_keyword'.
[2025-09-22 13:17:16] Merged 271 bytes for 'is_method'.
[2025-09-22 13:17:16] Merged 25 bytes for 'has_rest_parameter'.
[2025-09-22 13:17:16] Merged 198 bytes for 'array_size'.
[2025-09-22 13:17:16] Merged 3902 bytes (3.81 KiB) for 'properties'.
[2025-09-22 13:17:16] Merged 259 bytes for 'is_optional_member'.
[2025-09-22 13:17:16] Merged 1268 bytes (1.24 KiB) for 'jsdoc_errors'.
[2025-09-22 13:17:16] Merged 36 bytes for 'jsdoc_has_new_parameter'.
[2025-09-22 13:17:16] Merged 220 bytes for 'is_abstract_member'.
[2025-09-22 13:17:16] Merged 6412 bytes (6.26 KiB) for 'guard_node'.
[2025-09-22 13:17:16] Merged 169 bytes for 'is_optional_parameter_declaration'.
[2025-09-22 13:17:16] Merged 100 bytes for 'jump_targets'.
[2025-09-22 13:17:16] Saving string and id pools to disk.
[2025-09-22 13:17:17] Finished importing TRAP files.
[2025-09-22 13:17:17] Read 53.46 MiB of uncompressed TRAP data.
[2025-09-22 13:17:17] Uncompressed relation data size: 16.59 MiB
[2025-09-22 13:17:17] Relation data size: 5.83 MiB (merge rate: 727.51 KiB/s)
[2025-09-22 13:17:17] String pool size: 4.78 MiB
[2025-09-22 13:17:17] ID pool size: 13.00 MiB
[2025-09-22 13:17:17] [PROGRESS] dataset import> Finished writing database (relations: 5.83 MiB; string pool: 4.78 MiB).
[2025-09-22 13:17:17] Pausing evaluation to close the cache at sequence stamp o+1695
[2025-09-22 13:17:17] The disk cache is freshly trimmed; leave it be.
[2025-09-22 13:17:17] Unpausing evaluation
[2025-09-22 13:17:17] Plumbing command codeql dataset import completed.
[2025-09-22 13:17:17] [PROGRESS] database finalize> TRAP import complete (1.9s).
[2025-09-22 13:17:17] Running plumbing command: codeql database cleanup -- /Users/yevhen.fabizhevskyi/Source/personal/forks/node-tar/src/.db-codeql
[2025-09-22 13:17:17] [PROGRESS] database cleanup> Cleaning up existing TRAP files after import...
[2025-09-22 13:17:17] [PROGRESS] database cleanup> TRAP files cleaned up (17ms).
[2025-09-22 13:17:17] [PROGRESS] database cleanup> Cleaning up scratch directory...
[2025-09-22 13:17:17] [PROGRESS] database cleanup> Scratch directory cleaned up (1ms).
[2025-09-22 13:17:17] Running plumbing command: codeql dataset cleanup -- /Users/yevhen.fabizhevskyi/Source/personal/forks/node-tar/src/.db-codeql/db-javascript
[2025-09-22 13:17:17] [PROGRESS] dataset cleanup> Cleaning up dataset in /Users/yevhen.fabizhevskyi/Source/personal/forks/node-tar/src/.db-codeql/db-javascript.
[2025-09-22 13:17:17] Trimming disk cache at /Users/yevhen.fabizhevskyi/Source/personal/forks/node-tar/src/.db-codeql/db-javascript/default/cache in mode trim.
[2025-09-22 13:17:17] Sequence stamp origin is -6001123137009194452
[2025-09-22 13:17:17] Pausing evaluation to quickly trim memory at sequence stamp o+0
[2025-09-22 13:17:17] Unpausing evaluation
[2025-09-22 13:17:17] Pausing evaluation to zealously trim disk at sequence stamp o+1
[2025-09-22 13:17:17] Unpausing evaluation
[2025-09-22 13:17:17] Trimming completed (1ms): Trimmed disposable data from cache.
[2025-09-22 13:17:17] Pausing evaluation to close the cache at sequence stamp o+2
[2025-09-22 13:17:17] The disk cache is freshly trimmed; leave it be.
[2025-09-22 13:17:17] Unpausing evaluation
[2025-09-22 13:17:17] [PROGRESS] dataset cleanup> Trimmed disposable data from cache.
[2025-09-22 13:17:17] [PROGRESS] dataset cleanup> Finalizing dataset in /Users/yevhen.fabizhevskyi/Source/personal/forks/node-tar/src/.db-codeql/db-javascript
[2025-09-22 13:17:17] [DETAILS] dataset cleanup> Finished deleting ID pool from /Users/yevhen.fabizhevskyi/Source/personal/forks/node-tar/src/.db-codeql/db-javascript (1ms).
[2025-09-22 13:17:17] Plumbing command codeql dataset cleanup completed.
[2025-09-22 13:17:17] Plumbing command codeql database cleanup completed with status 0.
[2025-09-22 13:17:17] [PROGRESS] database finalize> Finished zipping source archive (301.21 KiB).
[2025-09-22 13:17:17] Plumbing command codeql database finalize completed.
[2025-09-22 13:17:17] [PROGRESS] database create> Successfully created database at /Users/yevhen.fabizhevskyi/Source/personal/forks/node-tar/src/.db-codeql.
[2025-09-22 13:17:17] Terminating normally.
